2024-12-05T11:35:17.458+0100 INFO               [main]                         be.pxl.services.controller.LogbookControllerTest - Starting LogbookControllerTest using Java 21.0.5 with PID 28408 (started by sarah in C:\Users\sarah\Desktop\Java Examen\learning-microservices-with-spring-cloud-SarahSchurgersPXL\backend-java\ExamenPXL\logbook-service)
2024-12-05T11:35:17.458+0100 DEBUG              [main]                         be.pxl.services.controller.LogbookControllerTest - Running with Spring Boot v3.3.5, Spring v6.1.14
2024-12-05T11:35:17.458+0100 INFO               [main]                         be.pxl.services.controller.LogbookControllerTest - No active profile set, falling back to 1 default profile: "default"
2024-12-05T11:35:20.258+0100 INFO               [main]                         be.pxl.services.controller.LogbookControllerTest - Started LogbookControllerTest in 4.749 seconds (process running for 7.292)
2024-12-05T11:35:20.546+0100 INFO               [main]                         be.pxl.services.controller.LogbookController - received requests to get all logs
2024-12-05T11:35:21.182+0100 INFO               [main]                         be.pxl.services.controller.LogbookController - received requests to add log
2024-12-05T11:38:05.606+0100 INFO               [main]                         be.pxl.services.controller.LogbookControllerTest - Starting LogbookControllerTest using Java 21.0.5 with PID 16788 (started by sarah in C:\Users\sarah\Desktop\Java Examen\learning-microservices-with-spring-cloud-SarahSchurgersPXL\backend-java\ExamenPXL\logbook-service)
2024-12-05T11:38:05.608+0100 DEBUG              [main]                         be.pxl.services.controller.LogbookControllerTest - Running with Spring Boot v3.3.5, Spring v6.1.14
2024-12-05T11:38:05.609+0100 INFO               [main]                         be.pxl.services.controller.LogbookControllerTest - No active profile set, falling back to 1 default profile: "default"
2024-12-05T11:38:09.176+0100 INFO               [main]                         be.pxl.services.controller.LogbookControllerTest - Started LogbookControllerTest in 5.4 seconds (process running for 7.616)
2024-12-05T11:38:09.322+0100 INFO               [main]                         be.pxl.services.controller.LogbookController - received requests to get all logs
2024-12-05T11:38:09.557+0100 INFO               [main]                         be.pxl.services.controller.LogbookController - received requests to add log
2024-12-05T11:39:14.343+0100 INFO               [main]                         be.pxl.services.controller.LogbookControllerTest - Starting LogbookControllerTest using Java 21.0.5 with PID 17104 (started by sarah in C:\Users\sarah\Desktop\Java Examen\learning-microservices-with-spring-cloud-SarahSchurgersPXL\backend-java\ExamenPXL\logbook-service)
2024-12-05T11:39:14.343+0100 DEBUG              [main]                         be.pxl.services.controller.LogbookControllerTest - Running with Spring Boot v3.3.5, Spring v6.1.14
2024-12-05T11:39:14.343+0100 INFO               [main]                         be.pxl.services.controller.LogbookControllerTest - No active profile set, falling back to 1 default profile: "default"
2024-12-05T11:39:17.543+0100 INFO               [main]                         be.pxl.services.controller.LogbookControllerTest - Started LogbookControllerTest in 4.832 seconds (process running for 7.081)
2024-12-05T11:39:18.080+0100 INFO               [main]                         be.pxl.services.controller.LogbookController - received requests to get all logs
2024-12-05T11:39:18.573+0100 INFO               [main]                         be.pxl.services.controller.LogbookController - received requests to add log
2024-12-05T12:00:40.022+0100 INFO               [main]                         be.pxl.services.controller.LogbookControllerTest - Starting LogbookControllerTest using Java 21.0.5 with PID 19252 (started by sarah in C:\Users\sarah\Desktop\Java Examen\learning-microservices-with-spring-cloud-SarahSchurgersPXL\backend-java\ExamenPXL\logbook-service)
2024-12-05T12:00:40.023+0100 DEBUG              [main]                         be.pxl.services.controller.LogbookControllerTest - Running with Spring Boot v3.3.5, Spring v6.1.14
2024-12-05T12:00:40.023+0100 INFO               [main]                         be.pxl.services.controller.LogbookControllerTest - No active profile set, falling back to 1 default profile: "default"
2024-12-05T12:03:43.286+0100 INFO               [main]                         be.pxl.services.controller.LogbookControllerTest - Starting LogbookControllerTest using Java 21.0.5 with PID 29896 (started by sarah in C:\Users\sarah\Desktop\Java Examen\learning-microservices-with-spring-cloud-SarahSchurgersPXL\backend-java\ExamenPXL\logbook-service)
2024-12-05T12:03:43.286+0100 DEBUG              [main]                         be.pxl.services.controller.LogbookControllerTest - Running with Spring Boot v3.3.5, Spring v6.1.14
2024-12-05T12:03:43.286+0100 INFO               [main]                         be.pxl.services.controller.LogbookControllerTest - No active profile set, falling back to 1 default profile: "default"
2024-12-05T12:11:12.219+0100 INFO               [main]                         be.pxl.services.controller.LogbookControllerTest - Starting LogbookControllerTest using Java 21.0.5 with PID 30148 (started by sarah in C:\Users\sarah\Desktop\Java Examen\learning-microservices-with-spring-cloud-SarahSchurgersPXL\backend-java\ExamenPXL\logbook-service)
2024-12-05T12:11:12.219+0100 DEBUG              [main]                         be.pxl.services.controller.LogbookControllerTest - Running with Spring Boot v3.3.5, Spring v6.1.14
2024-12-05T12:11:12.219+0100 INFO               [main]                         be.pxl.services.controller.LogbookControllerTest - No active profile set, falling back to 1 default profile: "default"
2024-12-05T12:11:20.166+0100 INFO               [main]                         be.pxl.services.controller.LogbookControllerTest - Started LogbookControllerTest in 9.318 seconds (process running for 22.113)
2024-12-05T12:20:11.984+0100 INFO               [main]                         be.pxl.services.controller.LogbookControllerTest - Starting LogbookControllerTest using Java 21.0.5 with PID 11680 (started by sarah in C:\Users\sarah\Desktop\Java Examen\learning-microservices-with-spring-cloud-SarahSchurgersPXL\backend-java\ExamenPXL\logbook-service)
2024-12-05T12:20:11.984+0100 DEBUG              [main]                         be.pxl.services.controller.LogbookControllerTest - Running with Spring Boot v3.3.5, Spring v6.1.14
2024-12-05T12:20:11.999+0100 INFO               [main]                         be.pxl.services.controller.LogbookControllerTest - No active profile set, falling back to 1 default profile: "default"
2024-12-05T12:20:19.267+0100 INFO               [main]                         be.pxl.services.controller.LogbookControllerTest - Started LogbookControllerTest in 8.207 seconds (process running for 20.723)
2024-12-05T12:21:20.661+0100 INFO               [main]                         be.pxl.services.controller.LogbookControllerTest - Starting LogbookControllerTest using Java 21.0.5 with PID 14156 (started by sarah in C:\Users\sarah\Desktop\Java Examen\learning-microservices-with-spring-cloud-SarahSchurgersPXL\backend-java\ExamenPXL\logbook-service)
2024-12-05T12:21:20.677+0100 DEBUG              [main]                         be.pxl.services.controller.LogbookControllerTest - Running with Spring Boot v3.3.5, Spring v6.1.14
2024-12-05T12:21:20.677+0100 INFO               [main]                         be.pxl.services.controller.LogbookControllerTest - No active profile set, falling back to 1 default profile: "default"
2024-12-05T12:21:29.570+0100 INFO               [main]                         be.pxl.services.controller.LogbookControllerTest - Started LogbookControllerTest in 10.249 seconds (process running for 22.822)
2024-12-05T12:21:30.481+0100 INFO               [main]                         be.pxl.services.service.LogbookService - Log added: 1
2024-12-05T12:21:30.481+0100 INFO               [main]                         be.pxl.services.controller.LogbookController - received requests to add log
2024-12-05T12:23:16.803+0100 INFO               [main]                         be.pxl.services.controller.LogbookControllerTest - Starting LogbookControllerTest using Java 21.0.5 with PID 432 (started by sarah in C:\Users\sarah\Desktop\Java Examen\learning-microservices-with-spring-cloud-SarahSchurgersPXL\backend-java\ExamenPXL\logbook-service)
2024-12-05T12:23:16.803+0100 DEBUG              [main]                         be.pxl.services.controller.LogbookControllerTest - Running with Spring Boot v3.3.5, Spring v6.1.14
2024-12-05T12:23:16.803+0100 INFO               [main]                         be.pxl.services.controller.LogbookControllerTest - No active profile set, falling back to 1 default profile: "default"
2024-12-05T12:23:25.695+0100 INFO               [main]                         be.pxl.services.controller.LogbookControllerTest - Started LogbookControllerTest in 9.824 seconds (process running for 22.534)
2024-12-05T12:23:25.868+0100 INFO               [main]                         be.pxl.services.service.LogbookService - Getting all logs
2024-12-05T12:23:25.868+0100 INFO               [main]                         be.pxl.services.controller.LogbookController - received requests to get all logs
2024-12-05T12:23:26.012+0100 INFO               [main]                         be.pxl.services.service.LogbookService - Log added: null
2024-12-05T12:23:26.012+0100 INFO               [main]                         be.pxl.services.controller.LogbookController - received requests to add log
2024-12-05T12:25:12.865+0100 INFO               [main]                         be.pxl.services.controller.LogbookControllerTest - Starting LogbookControllerTest using Java 21.0.5 with PID 28852 (started by sarah in C:\Users\sarah\Desktop\Java Examen\learning-microservices-with-spring-cloud-SarahSchurgersPXL\backend-java\ExamenPXL\logbook-service)
2024-12-05T12:25:12.865+0100 DEBUG              [main]                         be.pxl.services.controller.LogbookControllerTest - Running with Spring Boot v3.3.5, Spring v6.1.14
2024-12-05T12:25:12.865+0100 INFO               [main]                         be.pxl.services.controller.LogbookControllerTest - No active profile set, falling back to 1 default profile: "default"
2024-12-05T12:25:21.709+0100 INFO               [main]                         be.pxl.services.controller.LogbookControllerTest - Started LogbookControllerTest in 10.006 seconds (process running for 22.978)
2024-12-05T12:25:21.914+0100 INFO               [main]                         be.pxl.services.service.LogbookService - Getting all logs
2024-12-05T12:25:21.914+0100 INFO               [main]                         be.pxl.services.controller.LogbookController - received requests to get all logs
2024-12-05T12:25:22.039+0100 INFO               [main]                         be.pxl.services.service.LogbookService - Log added: null
2024-12-05T12:25:22.039+0100 INFO               [main]                         be.pxl.services.controller.LogbookController - received requests to add log
2024-12-05T12:29:45.763+0100 INFO               [main]                         be.pxl.services.controller.LogbookControllerTest - Starting LogbookControllerTest using Java 21.0.5 with PID 5408 (started by sarah in C:\Users\sarah\Desktop\Java Examen\learning-microservices-with-spring-cloud-SarahSchurgersPXL\backend-java\ExamenPXL\logbook-service)
2024-12-05T12:29:45.763+0100 DEBUG              [main]                         be.pxl.services.controller.LogbookControllerTest - Running with Spring Boot v3.3.5, Spring v6.1.14
2024-12-05T12:29:45.763+0100 INFO               [main]                         be.pxl.services.controller.LogbookControllerTest - No active profile set, falling back to 1 default profile: "default"
2024-12-05T12:29:56.547+0100 INFO               [main]                         be.pxl.services.controller.LogbookControllerTest - Started LogbookControllerTest in 11.933 seconds (process running for 25.629)
2024-12-05T12:29:56.886+0100 INFO               [main]                         be.pxl.services.service.LogbookService - Getting all logs
2024-12-05T12:29:56.902+0100 INFO               [main]                         be.pxl.services.controller.LogbookController - received requests to get all logs
2024-12-05T12:29:57.043+0100 INFO               [main]                         be.pxl.services.service.LogbookService - Log added: null
2024-12-05T12:29:57.043+0100 INFO               [main]                         be.pxl.services.controller.LogbookController - received requests to add log
2024-12-05T12:31:20.628+0100 INFO               [main]                         be.pxl.services.controller.LogbookControllerTest - Starting LogbookControllerTest using Java 21.0.5 with PID 16588 (started by sarah in C:\Users\sarah\Desktop\Java Examen\learning-microservices-with-spring-cloud-SarahSchurgersPXL\backend-java\ExamenPXL\logbook-service)
2024-12-05T12:31:20.628+0100 DEBUG              [main]                         be.pxl.services.controller.LogbookControllerTest - Running with Spring Boot v3.3.5, Spring v6.1.14
2024-12-05T12:31:20.628+0100 INFO               [main]                         be.pxl.services.controller.LogbookControllerTest - No active profile set, falling back to 1 default profile: "default"
2024-12-05T12:31:29.969+0100 INFO               [main]                         be.pxl.services.controller.LogbookControllerTest - Started LogbookControllerTest in 11.608 seconds (process running for 26.047)
2024-12-05T12:31:30.174+0100 INFO               [main]                         be.pxl.services.service.LogbookService - Log added: null
2024-12-05T12:31:30.174+0100 INFO               [main]                         be.pxl.services.controller.LogbookController - received requests to add log
2024-12-05T12:32:49.002+0100 INFO               [main]                         be.pxl.services.controller.LogbookControllerTest - Starting LogbookControllerTest using Java 21.0.5 with PID 24784 (started by sarah in C:\Users\sarah\Desktop\Java Examen\learning-microservices-with-spring-cloud-SarahSchurgersPXL\backend-java\ExamenPXL\logbook-service)
2024-12-05T12:32:49.002+0100 DEBUG              [main]                         be.pxl.services.controller.LogbookControllerTest - Running with Spring Boot v3.3.5, Spring v6.1.14
2024-12-05T12:32:49.002+0100 INFO               [main]                         be.pxl.services.controller.LogbookControllerTest - No active profile set, falling back to 1 default profile: "default"
2024-12-05T12:33:01.601+0100 INFO               [main]                         be.pxl.services.controller.LogbookControllerTest - Started LogbookControllerTest in 13.705 seconds (process running for 26.912)
2024-12-05T12:33:01.812+0100 INFO               [main]                         be.pxl.services.service.LogbookService - Getting all logs
2024-12-05T12:33:01.814+0100 INFO               [main]                         be.pxl.services.controller.LogbookController - received requests to get all logs
2024-12-05T12:33:01.931+0100 INFO               [main]                         be.pxl.services.service.LogbookService - Log added: null
2024-12-05T12:33:01.931+0100 INFO               [main]                         be.pxl.services.controller.LogbookController - received requests to add log
2024-12-05T12:34:22.898+0100 INFO               [main]                         be.pxl.services.controller.LogbookControllerTest - Starting LogbookControllerTest using Java 21.0.5 with PID 23768 (started by sarah in C:\Users\sarah\Desktop\Java Examen\learning-microservices-with-spring-cloud-SarahSchurgersPXL\backend-java\ExamenPXL\logbook-service)
2024-12-05T12:34:22.898+0100 DEBUG              [main]                         be.pxl.services.controller.LogbookControllerTest - Running with Spring Boot v3.3.5, Spring v6.1.14
2024-12-05T12:34:22.898+0100 INFO               [main]                         be.pxl.services.controller.LogbookControllerTest - No active profile set, falling back to 1 default profile: "default"
2024-12-05T12:34:34.128+0100 INFO               [main]                         be.pxl.services.controller.LogbookControllerTest - Started LogbookControllerTest in 12.229 seconds (process running for 24.846)
2024-12-05T12:34:34.408+0100 INFO               [main]                         be.pxl.services.service.LogbookService - Getting all logs
2024-12-05T12:34:34.408+0100 INFO               [main]                         be.pxl.services.controller.LogbookController - received requests to get all logs
2024-12-05T12:34:34.529+0100 INFO               [main]                         be.pxl.services.service.LogbookService - Log added: null
2024-12-05T12:34:34.529+0100 INFO               [main]                         be.pxl.services.controller.LogbookController - received requests to add log
2024-12-05T12:36:14.197+0100 INFO               [main]                         be.pxl.services.controller.LogbookControllerTest - Starting LogbookControllerTest using Java 21.0.5 with PID 26436 (started by sarah in C:\Users\sarah\Desktop\Java Examen\learning-microservices-with-spring-cloud-SarahSchurgersPXL\backend-java\ExamenPXL\logbook-service)
2024-12-05T12:36:14.213+0100 DEBUG              [main]                         be.pxl.services.controller.LogbookControllerTest - Running with Spring Boot v3.3.5, Spring v6.1.14
2024-12-05T12:36:14.213+0100 INFO               [main]                         be.pxl.services.controller.LogbookControllerTest - No active profile set, falling back to 1 default profile: "default"
2024-12-05T12:36:24.789+0100 INFO               [main]                         be.pxl.services.controller.LogbookControllerTest - Started LogbookControllerTest in 12.599 seconds (process running for 27.699)
2024-12-05T12:36:56.666+0100 INFO               [main]                         be.pxl.services.service.LogbookService - Log added: null
2024-12-05T12:36:56.666+0100 INFO               [main]                         be.pxl.services.controller.LogbookController - received requests to add log
2024-12-05T12:38:50.194+0100 INFO               [main]                         be.pxl.services.controller.LogbookControllerTest - Starting LogbookControllerTest using Java 21.0.5 with PID 24124 (started by sarah in C:\Users\sarah\Desktop\Java Examen\learning-microservices-with-spring-cloud-SarahSchurgersPXL\backend-java\ExamenPXL\logbook-service)
2024-12-05T12:38:50.194+0100 DEBUG              [main]                         be.pxl.services.controller.LogbookControllerTest - Running with Spring Boot v3.3.5, Spring v6.1.14
2024-12-05T12:38:50.194+0100 INFO               [main]                         be.pxl.services.controller.LogbookControllerTest - No active profile set, falling back to 1 default profile: "default"
2024-12-05T12:39:00.959+0100 INFO               [main]                         be.pxl.services.controller.LogbookControllerTest - Started LogbookControllerTest in 11.663 seconds (process running for 24.884)
2024-12-05T12:39:01.227+0100 INFO               [main]                         be.pxl.services.service.LogbookService - Log added: null
2024-12-05T12:39:01.227+0100 INFO               [main]                         be.pxl.services.controller.LogbookController - received requests to add log
2024-12-05T12:49:36.670+0100 INFO               [main]                         be.pxl.services.controller.LogbookControllerTest - Starting LogbookControllerTest using Java 21.0.5 with PID 31020 (started by sarah in C:\Users\sarah\Desktop\Java Examen\learning-microservices-with-spring-cloud-SarahSchurgersPXL\backend-java\ExamenPXL\logbook-service)
2024-12-05T12:49:36.670+0100 DEBUG              [main]                         be.pxl.services.controller.LogbookControllerTest - Running with Spring Boot v3.3.5, Spring v6.1.14
2024-12-05T12:49:36.671+0100 INFO               [main]                         be.pxl.services.controller.LogbookControllerTest - No active profile set, falling back to 1 default profile: "default"
2024-12-05T12:49:49.341+0100 INFO               [main]                         be.pxl.services.controller.LogbookControllerTest - Started LogbookControllerTest in 13.871 seconds (process running for 27.301)
2024-12-05T12:49:49.416+0100 INFO               [main]                         be.pxl.services.controller.LogbookController - received requests to get all logs
2024-12-05T12:49:49.502+0100 INFO               [main]                         be.pxl.services.controller.LogbookController - received requests to add log
2024-12-05T12:53:10.690+0100 INFO               [main]                         be.pxl.services.controller.LogbookControllerTest - Starting LogbookControllerTest using Java 21.0.5 with PID 9636 (started by sarah in C:\Users\sarah\Desktop\Java Examen\learning-microservices-with-spring-cloud-SarahSchurgersPXL\backend-java\ExamenPXL\logbook-service)
2024-12-05T12:53:10.691+0100 DEBUG              [main]                         be.pxl.services.controller.LogbookControllerTest - Running with Spring Boot v3.3.5, Spring v6.1.14
2024-12-05T12:53:10.691+0100 INFO               [main]                         be.pxl.services.controller.LogbookControllerTest - No active profile set, falling back to 1 default profile: "default"
2024-12-05T12:53:18.823+0100 INFO               [main]                         be.pxl.services.controller.LogbookControllerTest - Started LogbookControllerTest in 9.81 seconds (process running for 24.125)
2024-12-05T12:53:19.534+0100 INFO               [main]                         be.pxl.services.service.LogbookService - Log added: 1
2024-12-05T12:53:19.534+0100 INFO               [main]                         be.pxl.services.controller.LogbookController - received requests to add log
2024-12-05T12:54:11.204+0100 INFO               [main]                         be.pxl.services.controller.LogbookControllerMockRepoTest - Starting LogbookControllerMockRepoTest using Java 21.0.5 with PID 23388 (started by sarah in C:\Users\sarah\Desktop\Java Examen\learning-microservices-with-spring-cloud-SarahSchurgersPXL\backend-java\ExamenPXL\logbook-service)
2024-12-05T12:54:11.206+0100 DEBUG              [main]                         be.pxl.services.controller.LogbookControllerMockRepoTest - Running with Spring Boot v3.3.5, Spring v6.1.14
2024-12-05T12:54:11.206+0100 INFO               [main]                         be.pxl.services.controller.LogbookControllerMockRepoTest - No active profile set, falling back to 1 default profile: "default"
2024-12-05T12:54:20.354+0100 INFO               [main]                         be.pxl.services.controller.LogbookControllerMockRepoTest - Started LogbookControllerMockRepoTest in 10.624 seconds (process running for 24.895)
2024-12-05T12:54:20.599+0100 INFO               [main]                         be.pxl.services.service.LogbookService - Getting all logs
2024-12-05T12:54:20.601+0100 INFO               [main]                         be.pxl.services.controller.LogbookController - received requests to get all logs
