2024-12-05T15:32:31.062+0100 INFO               [main]                         be.pxl.services.controller.ShoppingCartControllerTests - Starting ShoppingCartControllerTests using Java 21.0.5 with PID 4376 (started by sarah in C:\Users\sarah\Desktop\Java Examen\learning-microservices-with-spring-cloud-SarahSchurgersPXL\backend-java\ExamenPXL\shoppingcart-service)
2024-12-05T15:32:31.063+0100 DEBUG              [main]                         be.pxl.services.controller.ShoppingCartControllerTests - Running with Spring Boot v3.3.5, Spring v6.1.14
2024-12-05T15:32:31.064+0100 INFO               [main]                         be.pxl.services.controller.ShoppingCartControllerTests - No active profile set, falling back to 1 default profile: "default"
2024-12-05T15:32:38.804+0100 INFO               [main]                         be.pxl.services.controller.ShoppingCartControllerTests - Started ShoppingCartControllerTests in 9.231 seconds (process running for 25.156)
2024-12-05T15:32:39.673+0100 INFO               [main]                         be.pxl.services.services.ShoppingCartService - cart with id 2 not found
2024-12-05T15:32:39.789+0100 INFO               [main]                         be.pxl.services.services.ShoppingCartService - cart with id 3 not found
2024-12-05T15:32:39.887+0100 INFO               [main]                         be.pxl.services.services.ShoppingCartService - product with id 1 added to cart with id 1
2024-12-05T15:32:39.918+0100 INFO               [main]                         be.pxl.services.controller.ShoppingCartController - received request to add product with id 1 to cart with id 1
2024-12-05T15:32:39.965+0100 INFO               [main]                         be.pxl.services.services.ShoppingCartService - new shoppingcart created
2024-12-05T15:32:39.992+0100 INFO               [main]                         be.pxl.services.controller.ShoppingCartController - received request to create a new cart
2024-12-05T15:33:56.168+0100 INFO               [main]                         be.pxl.services.controller.ShoppingCartControllerTests - Starting ShoppingCartControllerTests using Java 21.0.5 with PID 22152 (started by sarah in C:\Users\sarah\Desktop\Java Examen\learning-microservices-with-spring-cloud-SarahSchurgersPXL\backend-java\ExamenPXL\shoppingcart-service)
2024-12-05T15:33:56.168+0100 DEBUG              [main]                         be.pxl.services.controller.ShoppingCartControllerTests - Running with Spring Boot v3.3.5, Spring v6.1.14
2024-12-05T15:33:56.169+0100 INFO               [main]                         be.pxl.services.controller.ShoppingCartControllerTests - No active profile set, falling back to 1 default profile: "default"
2024-12-05T15:34:04.972+0100 INFO               [main]                         be.pxl.services.controller.ShoppingCartControllerTests - Started ShoppingCartControllerTests in 10.398 seconds (process running for 25.576)
2024-12-05T15:34:05.887+0100 INFO               [main]                         be.pxl.services.services.ShoppingCartService - cart with id 2 not found
2024-12-05T15:34:05.972+0100 INFO               [main]                         be.pxl.services.services.ShoppingCartService - cart with id 3 not found
2024-12-05T15:34:06.062+0100 INFO               [main]                         be.pxl.services.services.ShoppingCartService - product with id 1 added to cart with id 1
2024-12-05T15:34:06.092+0100 INFO               [main]                         be.pxl.services.controller.ShoppingCartController - received request to add product with id 1 to cart with id 1
2024-12-05T15:34:06.123+0100 INFO               [main]                         be.pxl.services.services.ShoppingCartService - new shoppingcart created
2024-12-05T15:34:06.147+0100 INFO               [main]                         be.pxl.services.controller.ShoppingCartController - received request to create a new cart
2024-12-05T15:36:48.474+0100 INFO               [main]                         be.pxl.services.controller.ShoppingCartControllerTests - Starting ShoppingCartControllerTests using Java 21.0.5 with PID 20516 (started by sarah in C:\Users\sarah\Desktop\Java Examen\learning-microservices-with-spring-cloud-SarahSchurgersPXL\backend-java\ExamenPXL\shoppingcart-service)
2024-12-05T15:36:48.489+0100 DEBUG              [main]                         be.pxl.services.controller.ShoppingCartControllerTests - Running with Spring Boot v3.3.5, Spring v6.1.14
2024-12-05T15:36:48.489+0100 INFO               [main]                         be.pxl.services.controller.ShoppingCartControllerTests - No active profile set, falling back to 1 default profile: "default"
2024-12-05T15:36:56.391+0100 INFO               [main]                         be.pxl.services.controller.ShoppingCartControllerTests - Started ShoppingCartControllerTests in 9.204 seconds (process running for 23.872)
2024-12-05T15:36:57.232+0100 INFO               [main]                         be.pxl.services.services.ShoppingCartService - cart with id 3 not found
2024-12-05T15:38:21.956+0100 INFO               [main]                         be.pxl.services.controller.ShoppingCartControllerTests - Starting ShoppingCartControllerTests using Java 21.0.5 with PID 39256 (started by sarah in C:\Users\sarah\Desktop\Java Examen\learning-microservices-with-spring-cloud-SarahSchurgersPXL\backend-java\ExamenPXL\shoppingcart-service)
2024-12-05T15:38:21.956+0100 DEBUG              [main]                         be.pxl.services.controller.ShoppingCartControllerTests - Running with Spring Boot v3.3.5, Spring v6.1.14
2024-12-05T15:38:21.956+0100 INFO               [main]                         be.pxl.services.controller.ShoppingCartControllerTests - No active profile set, falling back to 1 default profile: "default"
2024-12-05T15:38:29.585+0100 INFO               [main]                         be.pxl.services.controller.ShoppingCartControllerTests - Started ShoppingCartControllerTests in 8.977 seconds (process running for 21.902)
2024-12-05T15:38:30.518+0100 INFO               [main]                         be.pxl.services.services.ShoppingCartService - cart with id 3 not found
2024-12-05T15:40:40.262+0100 INFO               [main]                         be.pxl.services.controller.ShoppingCartControllerTests - Starting ShoppingCartControllerTests using Java 21.0.5 with PID 29348 (started by sarah in C:\Users\sarah\Desktop\Java Examen\learning-microservices-with-spring-cloud-SarahSchurgersPXL\backend-java\ExamenPXL\shoppingcart-service)
2024-12-05T15:40:40.262+0100 DEBUG              [main]                         be.pxl.services.controller.ShoppingCartControllerTests - Running with Spring Boot v3.3.5, Spring v6.1.14
2024-12-05T15:40:40.262+0100 INFO               [main]                         be.pxl.services.controller.ShoppingCartControllerTests - No active profile set, falling back to 1 default profile: "default"
2024-12-05T15:40:48.923+0100 INFO               [main]                         be.pxl.services.controller.ShoppingCartControllerTests - Started ShoppingCartControllerTests in 9.499 seconds (process running for 22.091)
2024-12-05T15:40:50.028+0100 INFO               [main]                         be.pxl.services.services.ShoppingCartService - cart with id 2 not found
2024-12-05T15:40:50.110+0100 INFO               [main]                         be.pxl.services.services.ShoppingCartService - cart with id 3 not found
2024-12-05T15:40:50.212+0100 INFO               [main]                         be.pxl.services.services.ShoppingCartService - product with id 1 added to cart with id 1
2024-12-05T15:40:50.237+0100 INFO               [main]                         be.pxl.services.controller.ShoppingCartController - received request to add product with id 1 to cart with id 1
2024-12-05T15:40:50.277+0100 INFO               [main]                         be.pxl.services.services.ShoppingCartService - new shoppingcart created
2024-12-05T15:40:50.299+0100 INFO               [main]                         be.pxl.services.controller.ShoppingCartController - received request to create a new cart
2024-12-05T15:43:12.121+0100 INFO               [main]                         be.pxl.services.controller.ShoppingCartControllerTests - Starting ShoppingCartControllerTests using Java 21.0.5 with PID 15544 (started by sarah in C:\Users\sarah\Desktop\Java Examen\learning-microservices-with-spring-cloud-SarahSchurgersPXL\backend-java\ExamenPXL\shoppingcart-service)
2024-12-05T15:43:12.121+0100 DEBUG              [main]                         be.pxl.services.controller.ShoppingCartControllerTests - Running with Spring Boot v3.3.5, Spring v6.1.14
2024-12-05T15:43:12.121+0100 INFO               [main]                         be.pxl.services.controller.ShoppingCartControllerTests - No active profile set, falling back to 1 default profile: "default"
2024-12-05T15:43:20.388+0100 INFO               [main]                         be.pxl.services.controller.ShoppingCartControllerTests - Started ShoppingCartControllerTests in 9.607 seconds (process running for 23.117)
2024-12-05T15:43:21.118+0100 INFO               [main]                         be.pxl.services.services.ShoppingCartService - cart with id 2 not found
2024-12-05T15:43:21.191+0100 INFO               [main]                         be.pxl.services.services.ShoppingCartService - cart with id 3 not found
2024-12-05T15:43:21.249+0100 INFO               [main]                         be.pxl.services.services.ShoppingCartService - product with id 1 added to cart with id 1
2024-12-05T15:43:21.274+0100 INFO               [main]                         be.pxl.services.controller.ShoppingCartController - received request to add product with id 1 to cart with id 1
2024-12-05T15:43:21.317+0100 INFO               [main]                         be.pxl.services.services.ShoppingCartService - new shoppingcart created
2024-12-05T15:43:21.354+0100 INFO               [main]                         be.pxl.services.controller.ShoppingCartController - received request to create a new cart
2024-12-05T15:50:45.849+0100 INFO               [main]                         be.pxl.services.controller.ShoppingCartControllerTests - Starting ShoppingCartControllerTests using Java 21.0.5 with PID 26220 (started by sarah in C:\Users\sarah\Desktop\Java Examen\learning-microservices-with-spring-cloud-SarahSchurgersPXL\backend-java\ExamenPXL\shoppingcart-service)
2024-12-05T15:50:45.850+0100 DEBUG              [main]                         be.pxl.services.controller.ShoppingCartControllerTests - Running with Spring Boot v3.3.5, Spring v6.1.14
2024-12-05T15:50:45.850+0100 INFO               [main]                         be.pxl.services.controller.ShoppingCartControllerTests - No active profile set, falling back to 1 default profile: "default"
2024-12-05T15:50:55.107+0100 INFO               [main]                         be.pxl.services.controller.ShoppingCartControllerTests - Started ShoppingCartControllerTests in 11.073 seconds (process running for 25.932)
2024-12-05T15:50:56.174+0100 INFO               [main]                         be.pxl.services.services.ShoppingCartService - product with id 1 removed from cart with id 1
2024-12-05T15:50:56.180+0100 INFO               [main]                         be.pxl.services.services.ShoppingCartService - cart with id 1 found
2024-12-05T15:50:56.180+0100 INFO               [main]                         be.pxl.services.controller.ShoppingCartController - received request to remove product with id 1 from cart with id 1
2024-12-05T15:50:56.438+0100 INFO               [main]                         be.pxl.services.services.ShoppingCartService - cart with id 1 not found
2024-12-05T15:50:56.528+0100 INFO               [main]                         be.pxl.services.services.ShoppingCartService - cart with id 1 not found
2024-12-05T15:50:56.644+0100 INFO               [main]                         be.pxl.services.services.ShoppingCartService - new shoppingcart created
2024-12-05T15:50:56.671+0100 INFO               [main]                         be.pxl.services.controller.ShoppingCartController - received request to create a new cart
2024-12-05T15:55:52.839+0100 INFO               [main]                         be.pxl.services.controller.ShoppingCartControllerTests - Starting ShoppingCartControllerTests using Java 21.0.5 with PID 39360 (started by sarah in C:\Users\sarah\Desktop\Java Examen\learning-microservices-with-spring-cloud-SarahSchurgersPXL\backend-java\ExamenPXL\shoppingcart-service)
2024-12-05T15:55:52.839+0100 DEBUG              [main]                         be.pxl.services.controller.ShoppingCartControllerTests - Running with Spring Boot v3.3.5, Spring v6.1.14
2024-12-05T15:55:52.839+0100 INFO               [main]                         be.pxl.services.controller.ShoppingCartControllerTests - No active profile set, falling back to 1 default profile: "default"
2024-12-05T15:56:02.297+0100 INFO               [main]                         be.pxl.services.controller.ShoppingCartControllerTests - Started ShoppingCartControllerTests in 10.732 seconds (process running for 26.604)
2024-12-05T15:56:03.486+0100 INFO               [main]                         be.pxl.services.services.ShoppingCartService - cart with id 1 found
2024-12-05T15:56:03.486+0100 INFO               [main]                         be.pxl.services.controller.ShoppingCartController - received request to get cart with id 1
2024-12-05T15:58:03.229+0100 INFO               [main]                         be.pxl.services.controller.ShoppingCartControllerTests - Starting ShoppingCartControllerTests using Java 21.0.5 with PID 10592 (started by sarah in C:\Users\sarah\Desktop\Java Examen\learning-microservices-with-spring-cloud-SarahSchurgersPXL\backend-java\ExamenPXL\shoppingcart-service)
2024-12-05T15:58:03.245+0100 DEBUG              [main]                         be.pxl.services.controller.ShoppingCartControllerTests - Running with Spring Boot v3.3.5, Spring v6.1.14
2024-12-05T15:58:03.245+0100 INFO               [main]                         be.pxl.services.controller.ShoppingCartControllerTests - No active profile set, falling back to 1 default profile: "default"
2024-12-05T15:58:11.535+0100 INFO               [main]                         be.pxl.services.controller.ShoppingCartControllerTests - Started ShoppingCartControllerTests in 9.473 seconds (process running for 24.16)
2024-12-05T15:58:12.201+0100 INFO               [main]                         be.pxl.services.services.ShoppingCartService - cart with id 1 found
2024-12-05T15:58:12.202+0100 INFO               [main]                         be.pxl.services.controller.ShoppingCartController - received request to get cart with id 1
2024-12-05T15:59:55.071+0100 INFO               [main]                         be.pxl.services.controller.ShoppingCartControllerTests - Starting ShoppingCartControllerTests using Java 21.0.5 with PID 32784 (started by sarah in C:\Users\sarah\Desktop\Java Examen\learning-microservices-with-spring-cloud-SarahSchurgersPXL\backend-java\ExamenPXL\shoppingcart-service)
2024-12-05T15:59:55.081+0100 DEBUG              [main]                         be.pxl.services.controller.ShoppingCartControllerTests - Running with Spring Boot v3.3.5, Spring v6.1.14
2024-12-05T15:59:55.081+0100 INFO               [main]                         be.pxl.services.controller.ShoppingCartControllerTests - No active profile set, falling back to 1 default profile: "default"
2024-12-05T16:00:03.752+0100 INFO               [main]                         be.pxl.services.controller.ShoppingCartControllerTests - Started ShoppingCartControllerTests in 9.704 seconds (process running for 24.062)
2024-12-05T16:00:04.408+0100 INFO               [main]                         be.pxl.services.services.ShoppingCartService - cart with id 1 found
2024-12-05T16:00:04.408+0100 INFO               [main]                         be.pxl.services.controller.ShoppingCartController - received request to get cart with id 1
2024-12-05T16:00:37.267+0100 INFO               [main]                         be.pxl.services.controller.ShoppingCartControllerTests - Starting ShoppingCartControllerTests using Java 21.0.5 with PID 10944 (started by sarah in C:\Users\sarah\Desktop\Java Examen\learning-microservices-with-spring-cloud-SarahSchurgersPXL\backend-java\ExamenPXL\shoppingcart-service)
2024-12-05T16:00:37.267+0100 DEBUG              [main]                         be.pxl.services.controller.ShoppingCartControllerTests - Running with Spring Boot v3.3.5, Spring v6.1.14
2024-12-05T16:00:37.267+0100 INFO               [main]                         be.pxl.services.controller.ShoppingCartControllerTests - No active profile set, falling back to 1 default profile: "default"
2024-12-05T16:00:45.468+0100 INFO               [main]                         be.pxl.services.controller.ShoppingCartControllerTests - Started ShoppingCartControllerTests in 9.729 seconds (process running for 23.199)
2024-12-05T16:00:46.307+0100 INFO               [main]                         be.pxl.services.services.ShoppingCartService - cart with id 1 found
2024-12-05T16:00:46.307+0100 INFO               [main]                         be.pxl.services.controller.ShoppingCartController - received request to get cart with id 1
2024-12-05T16:02:04.325+0100 INFO               [main]                         be.pxl.services.controller.ShoppingCartControllerTests - Starting ShoppingCartControllerTests using Java 21.0.5 with PID 5672 (started by sarah in C:\Users\sarah\Desktop\Java Examen\learning-microservices-with-spring-cloud-SarahSchurgersPXL\backend-java\ExamenPXL\shoppingcart-service)
2024-12-05T16:02:04.325+0100 DEBUG              [main]                         be.pxl.services.controller.ShoppingCartControllerTests - Running with Spring Boot v3.3.5, Spring v6.1.14
2024-12-05T16:02:04.325+0100 INFO               [main]                         be.pxl.services.controller.ShoppingCartControllerTests - No active profile set, falling back to 1 default profile: "default"
2024-12-05T16:02:13.720+0100 INFO               [main]                         be.pxl.services.controller.ShoppingCartControllerTests - Started ShoppingCartControllerTests in 10.528 seconds (process running for 23.408)
2024-12-05T16:02:14.917+0100 INFO               [main]                         be.pxl.services.services.ShoppingCartService - product with id 1 added to cart with id 1
2024-12-05T16:02:14.926+0100 INFO               [main]                         be.pxl.services.controller.ShoppingCartController - received request to add product with id 1 to cart with id 1
2024-12-05T16:02:43.526+0100 INFO               [main]                         be.pxl.services.controller.ShoppingCartControllerTests - Starting ShoppingCartControllerTests using Java 21.0.5 with PID 40636 (started by sarah in C:\Users\sarah\Desktop\Java Examen\learning-microservices-with-spring-cloud-SarahSchurgersPXL\backend-java\ExamenPXL\shoppingcart-service)
2024-12-05T16:02:43.528+0100 DEBUG              [main]                         be.pxl.services.controller.ShoppingCartControllerTests - Running with Spring Boot v3.3.5, Spring v6.1.14
2024-12-05T16:02:43.528+0100 INFO               [main]                         be.pxl.services.controller.ShoppingCartControllerTests - No active profile set, falling back to 1 default profile: "default"
2024-12-05T16:02:51.484+0100 INFO               [main]                         be.pxl.services.controller.ShoppingCartControllerTests - Started ShoppingCartControllerTests in 9.198 seconds (process running for 22.387)
2024-12-05T16:02:52.325+0100 INFO               [main]                         be.pxl.services.services.ShoppingCartService - product with id 1 removed from cart with id 1
2024-12-05T16:02:52.346+0100 INFO               [main]                         be.pxl.services.services.ShoppingCartService - cart with id 1 found
2024-12-05T16:02:52.346+0100 INFO               [main]                         be.pxl.services.controller.ShoppingCartController - received request to remove product with id 1 from cart with id 1
2024-12-05T16:02:52.888+0100 INFO               [main]                         be.pxl.services.services.ShoppingCartService - new shoppingcart created
2024-12-05T16:02:52.913+0100 INFO               [main]                         be.pxl.services.controller.ShoppingCartController - received request to create a new cart
2024-12-05T16:07:33.481+0100 INFO               [main]                         be.pxl.services.controller.ShoppingCartControllerTests - Starting ShoppingCartControllerTests using Java 21.0.5 with PID 25480 (started by sarah in C:\Users\sarah\Desktop\Java Examen\learning-microservices-with-spring-cloud-SarahSchurgersPXL\backend-java\ExamenPXL\shoppingcart-service)
2024-12-05T16:07:33.497+0100 DEBUG              [main]                         be.pxl.services.controller.ShoppingCartControllerTests - Running with Spring Boot v3.3.5, Spring v6.1.14
2024-12-05T16:07:33.497+0100 INFO               [main]                         be.pxl.services.controller.ShoppingCartControllerTests - No active profile set, falling back to 1 default profile: "default"
2024-12-05T16:07:42.885+0100 INFO               [main]                         be.pxl.services.controller.ShoppingCartControllerTests - Started ShoppingCartControllerTests in 10.762 seconds (process running for 23.761)
2024-12-05T16:07:43.783+0100 INFO               [main]                         be.pxl.services.services.ShoppingCartService - product with id 1 removed from cart with id 1
2024-12-05T16:07:43.789+0100 INFO               [main]                         be.pxl.services.services.ShoppingCartService - cart with id 1 found
2024-12-05T16:07:43.789+0100 INFO               [main]                         be.pxl.services.controller.ShoppingCartController - received request to remove product with id 1 from cart with id 1
2024-12-05T16:07:44.270+0100 INFO               [main]                         be.pxl.services.services.ShoppingCartService - new shoppingcart created
2024-12-05T16:07:44.292+0100 INFO               [main]                         be.pxl.services.controller.ShoppingCartController - received request to create a new cart
2024-12-05T16:08:13.785+0100 INFO               [main]                         be.pxl.services.controller.ShoppingCartControllerTests - Starting ShoppingCartControllerTests using Java 21.0.5 with PID 32096 (started by sarah in C:\Users\sarah\Desktop\Java Examen\learning-microservices-with-spring-cloud-SarahSchurgersPXL\backend-java\ExamenPXL\shoppingcart-service)
2024-12-05T16:08:13.785+0100 DEBUG              [main]                         be.pxl.services.controller.ShoppingCartControllerTests - Running with Spring Boot v3.3.5, Spring v6.1.14
2024-12-05T16:08:13.785+0100 INFO               [main]                         be.pxl.services.controller.ShoppingCartControllerTests - No active profile set, falling back to 1 default profile: "default"
2024-12-05T16:08:23.220+0100 INFO               [main]                         be.pxl.services.controller.ShoppingCartControllerTests - Started ShoppingCartControllerTests in 11.203 seconds (process running for 26.924)
2024-12-05T16:08:24.031+0100 INFO               [main]                         be.pxl.services.services.ShoppingCartService - new shoppingcart created
2024-12-05T16:08:24.057+0100 INFO               [main]                         be.pxl.services.controller.ShoppingCartController - received request to create a new cart
2024-12-05T16:09:08.386+0100 INFO               [main]                         be.pxl.services.controller.ShoppingCartControllerTests - Starting ShoppingCartControllerTests using Java 21.0.5 with PID 28220 (started by sarah in C:\Users\sarah\Desktop\Java Examen\learning-microservices-with-spring-cloud-SarahSchurgersPXL\backend-java\ExamenPXL\shoppingcart-service)
2024-12-05T16:09:08.386+0100 DEBUG              [main]                         be.pxl.services.controller.ShoppingCartControllerTests - Running with Spring Boot v3.3.5, Spring v6.1.14
2024-12-05T16:09:08.387+0100 INFO               [main]                         be.pxl.services.controller.ShoppingCartControllerTests - No active profile set, falling back to 1 default profile: "default"
2024-12-05T16:09:16.061+0100 INFO               [main]                         be.pxl.services.controller.ShoppingCartControllerTests - Started ShoppingCartControllerTests in 8.822 seconds (process running for 21.232)
2024-12-05T16:09:17.106+0100 INFO               [main]                         be.pxl.services.services.ShoppingCartService - cart with id 1 found
2024-12-05T16:09:17.107+0100 INFO               [main]                         be.pxl.services.controller.ShoppingCartController - received request to get cart with id 1
2024-12-05T16:10:18.499+0100 INFO               [main]                         be.pxl.services.controller.ShoppingCartControllerTests - Starting ShoppingCartControllerTests using Java 21.0.5 with PID 4080 (started by sarah in C:\Users\sarah\Desktop\Java Examen\learning-microservices-with-spring-cloud-SarahSchurgersPXL\backend-java\ExamenPXL\shoppingcart-service)
2024-12-05T16:10:18.499+0100 DEBUG              [main]                         be.pxl.services.controller.ShoppingCartControllerTests - Running with Spring Boot v3.3.5, Spring v6.1.14
2024-12-05T16:10:18.500+0100 INFO               [main]                         be.pxl.services.controller.ShoppingCartControllerTests - No active profile set, falling back to 1 default profile: "default"
2024-12-05T16:10:26.717+0100 INFO               [main]                         be.pxl.services.controller.ShoppingCartControllerTests - Started ShoppingCartControllerTests in 9.77 seconds (process running for 22.845)
2024-12-05T16:10:27.491+0100 INFO               [main]                         be.pxl.services.services.ShoppingCartService - product with id 1 removed from cart with id 1
2024-12-05T16:10:27.510+0100 INFO               [main]                         be.pxl.services.services.ShoppingCartService - cart with id 1 found
2024-12-05T16:10:27.512+0100 INFO               [main]                         be.pxl.services.controller.ShoppingCartController - received request to remove product with id 1 from cart with id 1
2024-12-05T16:11:02.861+0100 INFO               [main]                         be.pxl.services.controller.ShoppingCartControllerTests - Starting ShoppingCartControllerTests using Java 21.0.5 with PID 31912 (started by sarah in C:\Users\sarah\Desktop\Java Examen\learning-microservices-with-spring-cloud-SarahSchurgersPXL\backend-java\ExamenPXL\shoppingcart-service)
2024-12-05T16:11:02.861+0100 DEBUG              [main]                         be.pxl.services.controller.ShoppingCartControllerTests - Running with Spring Boot v3.3.5, Spring v6.1.14
2024-12-05T16:11:02.861+0100 INFO               [main]                         be.pxl.services.controller.ShoppingCartControllerTests - No active profile set, falling back to 1 default profile: "default"
2024-12-05T16:11:10.909+0100 INFO               [main]                         be.pxl.services.controller.ShoppingCartControllerTests - Started ShoppingCartControllerTests in 9.348 seconds (process running for 22.377)
2024-12-05T16:11:11.640+0100 INFO               [main]                         be.pxl.services.services.ShoppingCartService - product with id 1 added to cart with id 1
2024-12-05T16:11:11.666+0100 INFO               [main]                         be.pxl.services.controller.ShoppingCartController - received request to add product with id 1 to cart with id 1
2024-12-05T16:12:01.643+0100 INFO               [main]                         be.pxl.services.controller.ShoppingCartControllerTests - Starting ShoppingCartControllerTests using Java 21.0.5 with PID 20104 (started by sarah in C:\Users\sarah\Desktop\Java Examen\learning-microservices-with-spring-cloud-SarahSchurgersPXL\backend-java\ExamenPXL\shoppingcart-service)
2024-12-05T16:12:01.643+0100 DEBUG              [main]                         be.pxl.services.controller.ShoppingCartControllerTests - Running with Spring Boot v3.3.5, Spring v6.1.14
2024-12-05T16:12:01.643+0100 INFO               [main]                         be.pxl.services.controller.ShoppingCartControllerTests - No active profile set, falling back to 1 default profile: "default"
2024-12-05T16:12:08.926+0100 INFO               [main]                         be.pxl.services.controller.ShoppingCartControllerTests - Started ShoppingCartControllerTests in 8.677 seconds (process running for 22.422)
2024-12-05T16:12:09.724+0100 INFO               [main]                         be.pxl.services.services.ShoppingCartService - product with id 1 removed from cart with id 1
2024-12-05T16:12:09.729+0100 INFO               [main]                         be.pxl.services.services.ShoppingCartService - cart with id 1 found
2024-12-05T16:12:09.730+0100 INFO               [main]                         be.pxl.services.controller.ShoppingCartController - received request to remove product with id 1 from cart with id 1
2024-12-05T16:12:10.256+0100 INFO               [main]                         be.pxl.services.services.ShoppingCartService - new shoppingcart created
2024-12-05T16:12:10.279+0100 INFO               [main]                         be.pxl.services.controller.ShoppingCartController - received request to create a new cart
2024-12-05T16:12:36.499+0100 INFO               [main]                         be.pxl.services.controller.ShoppingCartControllerTests - Starting ShoppingCartControllerTests using Java 21.0.5 with PID 32112 (started by sarah in C:\Users\sarah\Desktop\Java Examen\learning-microservices-with-spring-cloud-SarahSchurgersPXL\backend-java\ExamenPXL\shoppingcart-service)
2024-12-05T16:12:36.500+0100 DEBUG              [main]                         be.pxl.services.controller.ShoppingCartControllerTests - Running with Spring Boot v3.3.5, Spring v6.1.14
2024-12-05T16:12:36.500+0100 INFO               [main]                         be.pxl.services.controller.ShoppingCartControllerTests - No active profile set, falling back to 1 default profile: "default"
2024-12-05T16:12:44.882+0100 INFO               [main]                         be.pxl.services.controller.ShoppingCartControllerTests - Started ShoppingCartControllerTests in 9.803 seconds (process running for 23.105)
2024-12-05T16:12:45.828+0100 INFO               [main]                         be.pxl.services.services.ShoppingCartService - product with id 1 added to cart with id 1
2024-12-05T16:12:45.838+0100 INFO               [main]                         be.pxl.services.controller.ShoppingCartController - received request to add product with id 1 to cart with id 1
2024-12-05T16:13:15.416+0100 INFO               [main]                         be.pxl.services.controller.ShoppingCartControllerTests - Starting ShoppingCartControllerTests using Java 21.0.5 with PID 22996 (started by sarah in C:\Users\sarah\Desktop\Java Examen\learning-microservices-with-spring-cloud-SarahSchurgersPXL\backend-java\ExamenPXL\shoppingcart-service)
2024-12-05T16:13:15.417+0100 DEBUG              [main]                         be.pxl.services.controller.ShoppingCartControllerTests - Running with Spring Boot v3.3.5, Spring v6.1.14
2024-12-05T16:13:15.418+0100 INFO               [main]                         be.pxl.services.controller.ShoppingCartControllerTests - No active profile set, falling back to 1 default profile: "default"
2024-12-05T16:13:25.247+0100 INFO               [main]                         be.pxl.services.controller.ShoppingCartControllerTests - Started ShoppingCartControllerTests in 11.082 seconds (process running for 24.499)
2024-12-05T16:13:26.166+0100 INFO               [main]                         be.pxl.services.services.ShoppingCartService - cart with id 1 found
2024-12-05T16:13:26.166+0100 INFO               [main]                         be.pxl.services.controller.ShoppingCartController - received request to get cart with id 1
2024-12-05T16:17:26.866+0100 INFO               [main]                         be.pxl.services.services.ShoppingCartServiceTests - Starting ShoppingCartServiceTests using Java 21.0.5 with PID 17120 (started by sarah in C:\Users\sarah\Desktop\Java Examen\learning-microservices-with-spring-cloud-SarahSchurgersPXL\backend-java\ExamenPXL\shoppingcart-service)
2024-12-05T16:17:26.866+0100 DEBUG              [main]                         be.pxl.services.services.ShoppingCartServiceTests - Running with Spring Boot v3.3.5, Spring v6.1.14
2024-12-05T16:17:26.866+0100 INFO               [main]                         be.pxl.services.services.ShoppingCartServiceTests - No active profile set, falling back to 1 default profile: "default"
2024-12-05T16:17:35.859+0100 INFO               [main]                         be.pxl.services.services.ShoppingCartServiceTests - Started ShoppingCartServiceTests in 11.669 seconds (process running for 14.244)
2024-12-05T16:17:37.867+0100 INFO               [main]                         be.pxl.services.services.ShoppingCartService - cart with id 1 not found
2024-12-05T16:17:38.437+0100 INFO               [main]                         be.pxl.services.services.ShoppingCartService - cart with id 1 not found
2024-12-05T16:17:38.457+0100 INFO               [main]                         be.pxl.services.services.ShoppingCartService - new shoppingcart created
2024-12-05T16:17:38.577+0100 INFO               [main]                         be.pxl.services.services.ShoppingCartService - cart with id 1 not found
2024-12-05T16:17:38.609+0100 INFO               [main]                         be.pxl.services.services.ShoppingCartService - cart with id 1 not found
2024-12-05T16:17:38.627+0100 INFO               [main]                         be.pxl.services.services.ShoppingCartService - cart with id 1 not found
2024-12-05T16:17:38.639+0100 INFO               [main]                         be.pxl.services.services.ShoppingCartService - cart with id 1 not found
2024-12-05T16:18:07.613+0100 INFO               [main]                         be.pxl.services.services.ShoppingCartServiceTests - Starting ShoppingCartServiceTests using Java 21.0.5 with PID 29692 (started by sarah in C:\Users\sarah\Desktop\Java Examen\learning-microservices-with-spring-cloud-SarahSchurgersPXL\backend-java\ExamenPXL\shoppingcart-service)
2024-12-05T16:18:07.613+0100 DEBUG              [main]                         be.pxl.services.services.ShoppingCartServiceTests - Running with Spring Boot v3.3.5, Spring v6.1.14
2024-12-05T16:18:07.616+0100 INFO               [main]                         be.pxl.services.services.ShoppingCartServiceTests - No active profile set, falling back to 1 default profile: "default"
2024-12-05T16:18:17.386+0100 INFO               [main]                         be.pxl.services.services.ShoppingCartServiceTests - Started ShoppingCartServiceTests in 11.66 seconds (process running for 14.926)
2024-12-05T16:18:18.396+0100 INFO               [main]                         be.pxl.services.services.ShoppingCartService - cart with id 1 not found
2024-12-05T16:20:02.261+0100 INFO               [main]                         be.pxl.services.services.ShoppingCartServiceTests - Starting ShoppingCartServiceTests using Java 21.0.5 with PID 10032 (started by sarah in C:\Users\sarah\Desktop\Java Examen\learning-microservices-with-spring-cloud-SarahSchurgersPXL\backend-java\ExamenPXL\shoppingcart-service)
2024-12-05T16:20:02.265+0100 DEBUG              [main]                         be.pxl.services.services.ShoppingCartServiceTests - Running with Spring Boot v3.3.5, Spring v6.1.14
2024-12-05T16:20:02.265+0100 INFO               [main]                         be.pxl.services.services.ShoppingCartServiceTests - No active profile set, falling back to 1 default profile: "default"
2024-12-05T16:20:11.815+0100 INFO               [main]                         be.pxl.services.services.ShoppingCartServiceTests - Started ShoppingCartServiceTests in 11.35 seconds (process running for 14.295)
2024-12-05T16:20:12.905+0100 INFO               [main]                         be.pxl.services.services.ShoppingCartService - cart with id null not found
2024-12-05T16:20:45.913+0100 INFO               [main]                         be.pxl.services.services.ShoppingCartServiceTests - Starting ShoppingCartServiceTests using Java 21.0.5 with PID 27256 (started by sarah in C:\Users\sarah\Desktop\Java Examen\learning-microservices-with-spring-cloud-SarahSchurgersPXL\backend-java\ExamenPXL\shoppingcart-service)
2024-12-05T16:20:45.913+0100 DEBUG              [main]                         be.pxl.services.services.ShoppingCartServiceTests - Running with Spring Boot v3.3.5, Spring v6.1.14
2024-12-05T16:20:45.913+0100 INFO               [main]                         be.pxl.services.services.ShoppingCartServiceTests - No active profile set, falling back to 1 default profile: "default"
2024-12-05T16:20:56.045+0100 INFO               [main]                         be.pxl.services.services.ShoppingCartServiceTests - Started ShoppingCartServiceTests in 12.109 seconds (process running for 16.596)
2024-12-05T16:20:56.950+0100 INFO               [main]                         be.pxl.services.services.ShoppingCartService - cart with id 1 not found
2024-12-05T16:21:48.481+0100 INFO               [main]                         be.pxl.services.services.ShoppingCartServiceTests - Starting ShoppingCartServiceTests using Java 21.0.5 with PID 27560 (started by sarah in C:\Users\sarah\Desktop\Java Examen\learning-microservices-with-spring-cloud-SarahSchurgersPXL\backend-java\ExamenPXL\shoppingcart-service)
2024-12-05T16:21:48.489+0100 DEBUG              [main]                         be.pxl.services.services.ShoppingCartServiceTests - Running with Spring Boot v3.3.5, Spring v6.1.14
2024-12-05T16:21:48.492+0100 INFO               [main]                         be.pxl.services.services.ShoppingCartServiceTests - No active profile set, falling back to 1 default profile: "default"
2024-12-05T16:21:58.128+0100 INFO               [main]                         be.pxl.services.services.ShoppingCartServiceTests - Started ShoppingCartServiceTests in 11.501 seconds (process running for 14.529)
2024-12-05T16:21:59.219+0100 INFO               [main]                         be.pxl.services.services.ShoppingCartService - cart with id 1 not found
2024-12-05T16:22:30.253+0100 INFO               [main]                         be.pxl.services.services.ShoppingCartServiceTests - Starting ShoppingCartServiceTests using Java 21.0.5 with PID 41328 (started by sarah in C:\Users\sarah\Desktop\Java Examen\learning-microservices-with-spring-cloud-SarahSchurgersPXL\backend-java\ExamenPXL\shoppingcart-service)
2024-12-05T16:22:30.254+0100 DEBUG              [main]                         be.pxl.services.services.ShoppingCartServiceTests - Running with Spring Boot v3.3.5, Spring v6.1.14
2024-12-05T16:22:30.255+0100 INFO               [main]                         be.pxl.services.services.ShoppingCartServiceTests - No active profile set, falling back to 1 default profile: "default"
2024-12-05T16:22:38.904+0100 INFO               [main]                         be.pxl.services.services.ShoppingCartServiceTests - Started ShoppingCartServiceTests in 10.55 seconds (process running for 13.867)
2024-12-05T16:22:40.951+0100 INFO               [main]                         be.pxl.services.services.ShoppingCartService - cart with id 1 not found
2024-12-05T16:23:53.900+0100 INFO               [main]                         be.pxl.services.services.ShoppingCartServiceTests - Starting ShoppingCartServiceTests using Java 21.0.5 with PID 17804 (started by sarah in C:\Users\sarah\Desktop\Java Examen\learning-microservices-with-spring-cloud-SarahSchurgersPXL\backend-java\ExamenPXL\shoppingcart-service)
2024-12-05T16:23:53.902+0100 DEBUG              [main]                         be.pxl.services.services.ShoppingCartServiceTests - Running with Spring Boot v3.3.5, Spring v6.1.14
2024-12-05T16:23:53.903+0100 INFO               [main]                         be.pxl.services.services.ShoppingCartServiceTests - No active profile set, falling back to 1 default profile: "default"
2024-12-05T16:24:12.781+0100 INFO               [main]                         be.pxl.services.services.ShoppingCartServiceTests - Started ShoppingCartServiceTests in 22.629 seconds (process running for 26.967)
2024-12-05T16:24:13.904+0100 INFO               [main]                         be.pxl.services.services.ShoppingCartService - cart with id null not found
2024-12-05T16:25:59.730+0100 INFO               [main]                         be.pxl.services.services.ShoppingCartServiceTests - Starting ShoppingCartServiceTests using Java 21.0.5 with PID 41224 (started by sarah in C:\Users\sarah\Desktop\Java Examen\learning-microservices-with-spring-cloud-SarahSchurgersPXL\backend-java\ExamenPXL\shoppingcart-service)
2024-12-05T16:25:59.731+0100 DEBUG              [main]                         be.pxl.services.services.ShoppingCartServiceTests - Running with Spring Boot v3.3.5, Spring v6.1.14
2024-12-05T16:25:59.732+0100 INFO               [main]                         be.pxl.services.services.ShoppingCartServiceTests - No active profile set, falling back to 1 default profile: "default"
2024-12-05T16:26:09.348+0100 INFO               [main]                         be.pxl.services.services.ShoppingCartServiceTests - Started ShoppingCartServiceTests in 11.196 seconds (process running for 14.323)
2024-12-05T16:26:11.565+0100 INFO               [main]                         be.pxl.services.services.ShoppingCartService - cart with id null not found
