2024-12-04T12:28:30.017+0100 INFO               [main]                         be.pxl.services.LogbookServiceApplication - Starting LogbookServiceApplication using Java 21.0.5 with PID 36336 (C:\Users\sarah\Desktop\Java Examen\learning-microservices-with-spring-cloud-SarahSchurgersPXL\backend-java\ExamenPXL\logbook-service\target\classes started by sarah in C:\Users\sarah\Desktop\Java Examen\learning-microservices-with-spring-cloud-SarahSchurgersPXL\backend-java\ExamenPXL)
2024-12-04T12:28:30.018+0100 DEBUG              [main]                         be.pxl.services.LogbookServiceApplication - Running with Spring Boot v3.3.5, Spring v6.1.14
2024-12-04T12:28:30.019+0100 INFO               [main]                         be.pxl.services.LogbookServiceApplication - No active profile set, falling back to 1 default profile: "default"
2024-12-04T12:28:34.144+0100 INFO               [main]                         be.pxl.services.LogbookServiceApplication - Started LogbookServiceApplication in 5.339 seconds (process running for 6.434)
2024-12-04T12:28:44.434+0100 INFO               [main]                         be.pxl.services.ProductCatalogServiceApplication - Starting ProductCatalogServiceApplication using Java 21.0.5 with PID 26024 (C:\Users\sarah\Desktop\Java Examen\learning-microservices-with-spring-cloud-SarahSchurgersPXL\backend-java\ExamenPXL\productcatalog-service\target\classes started by sarah in C:\Users\sarah\Desktop\Java Examen\learning-microservices-with-spring-cloud-SarahSchurgersPXL\backend-java\ExamenPXL)
2024-12-04T12:28:44.435+0100 DEBUG              [main]                         be.pxl.services.ProductCatalogServiceApplication - Running with Spring Boot v3.3.5, Spring v6.1.14
2024-12-04T12:28:44.436+0100 INFO               [main]                         be.pxl.services.ProductCatalogServiceApplication - No active profile set, falling back to 1 default profile: "default"
2024-12-04T12:28:48.710+0100 INFO               [main]                         be.pxl.services.ProductCatalogServiceApplication - Started ProductCatalogServiceApplication in 5.456 seconds (process running for 6.702)
2024-12-04T12:28:57.964+0100 INFO               [main]                         be.pxl.services.ShoppingCartServiceApplication - Starting ShoppingCartServiceApplication using Java 21.0.5 with PID 11680 (C:\Users\sarah\Desktop\Java Examen\learning-microservices-with-spring-cloud-SarahSchurgersPXL\backend-java\ExamenPXL\shoppingcart-service\target\classes started by sarah in C:\Users\sarah\Desktop\Java Examen\learning-microservices-with-spring-cloud-SarahSchurgersPXL\backend-java\ExamenPXL)
2024-12-04T12:28:57.965+0100 DEBUG              [main]                         be.pxl.services.ShoppingCartServiceApplication - Running with Spring Boot v3.3.5, Spring v6.1.14
2024-12-04T12:28:57.965+0100 INFO               [main]                         be.pxl.services.ShoppingCartServiceApplication - No active profile set, falling back to 1 default profile: "default"
2024-12-04T12:29:01.830+0100 INFO               [main]                         be.pxl.services.ShoppingCartServiceApplication - Started ShoppingCartServiceApplication in 5.169 seconds (process running for 6.413)
2024-12-04T12:31:45.997+0100 INFO               [http-nio-8082-exec-2]         be.pxl.services.controller.ProductController - received request to get all products
2024-12-04T12:31:45.997+0100 INFO               [http-nio-8082-exec-2]         be.pxl.services.services.ProductService - retrieved all products
2024-12-04T12:33:47.946+0100 INFO               [http-nio-8082-exec-4]         be.pxl.services.controller.ProductController - received request to get all products
2024-12-04T12:33:47.946+0100 INFO               [http-nio-8082-exec-4]         be.pxl.services.services.ProductService - retrieved all products
2024-12-04T12:39:46.945+0100 INFO               [main]                         be.pxl.services.LogbookServiceApplication - Starting LogbookServiceApplication using Java 21.0.5 with PID 32024 (C:\Users\sarah\Desktop\Java Examen\learning-microservices-with-spring-cloud-SarahSchurgersPXL\backend-java\ExamenPXL\logbook-service\target\classes started by sarah in C:\Users\sarah\Desktop\Java Examen\learning-microservices-with-spring-cloud-SarahSchurgersPXL\backend-java\ExamenPXL)
2024-12-04T12:39:46.945+0100 DEBUG              [main]                         be.pxl.services.LogbookServiceApplication - Running with Spring Boot v3.3.5, Spring v6.1.14
2024-12-04T12:39:46.953+0100 INFO               [main]                         be.pxl.services.LogbookServiceApplication - No active profile set, falling back to 1 default profile: "default"
2024-12-04T12:39:51.829+0100 INFO               [main]                         be.pxl.services.LogbookServiceApplication - Started LogbookServiceApplication in 6.425 seconds (process running for 7.879)
2024-12-04T12:39:57.868+0100 INFO               [main]                         be.pxl.services.ProductCatalogServiceApplication - Starting ProductCatalogServiceApplication using Java 21.0.5 with PID 30436 (C:\Users\sarah\Desktop\Java Examen\learning-microservices-with-spring-cloud-SarahSchurgersPXL\backend-java\ExamenPXL\productcatalog-service\target\classes started by sarah in C:\Users\sarah\Desktop\Java Examen\learning-microservices-with-spring-cloud-SarahSchurgersPXL\backend-java\ExamenPXL)
2024-12-04T12:39:57.868+0100 DEBUG              [main]                         be.pxl.services.ProductCatalogServiceApplication - Running with Spring Boot v3.3.5, Spring v6.1.14
2024-12-04T12:39:57.868+0100 INFO               [main]                         be.pxl.services.ProductCatalogServiceApplication - No active profile set, falling back to 1 default profile: "default"
2024-12-04T12:40:03.362+0100 INFO               [main]                         be.pxl.services.ProductCatalogServiceApplication - Started ProductCatalogServiceApplication in 7.299 seconds (process running for 8.707)
2024-12-04T12:40:16.514+0100 INFO               [main]                         be.pxl.services.ShoppingCartServiceApplication - Starting ShoppingCartServiceApplication using Java 21.0.5 with PID 6380 (C:\Users\sarah\Desktop\Java Examen\learning-microservices-with-spring-cloud-SarahSchurgersPXL\backend-java\ExamenPXL\shoppingcart-service\target\classes started by sarah in C:\Users\sarah\Desktop\Java Examen\learning-microservices-with-spring-cloud-SarahSchurgersPXL\backend-java\ExamenPXL)
2024-12-04T12:40:16.515+0100 DEBUG              [main]                         be.pxl.services.ShoppingCartServiceApplication - Running with Spring Boot v3.3.5, Spring v6.1.14
2024-12-04T12:40:16.520+0100 INFO               [main]                         be.pxl.services.ShoppingCartServiceApplication - No active profile set, falling back to 1 default profile: "default"
2024-12-04T12:40:20.744+0100 INFO               [main]                         be.pxl.services.ShoppingCartServiceApplication - Started ShoppingCartServiceApplication in 5.325 seconds (process running for 6.529)
2024-12-04T12:40:41.782+0100 INFO               [http-nio-8082-exec-1]         be.pxl.services.controller.ProductController - received request to get all products
2024-12-04T12:40:41.782+0100 INFO               [http-nio-8082-exec-1]         be.pxl.services.services.ProductService - retrieved all products
2024-12-04T12:41:06.029+0100 INFO               [http-nio-8082-exec-2]         be.pxl.services.controller.ProductController - received request to get all products
2024-12-04T12:41:06.029+0100 INFO               [http-nio-8082-exec-2]         be.pxl.services.services.ProductService - retrieved all products
2024-12-04T12:43:23.712+0100 INFO               [http-nio-8082-exec-4]         be.pxl.services.controller.ProductController - received request to get all products
2024-12-04T12:43:23.712+0100 INFO               [http-nio-8082-exec-4]         be.pxl.services.services.ProductService - retrieved all products
2024-12-04T12:43:53.708+0100 INFO               [http-nio-8082-exec-5]         be.pxl.services.controller.ProductController - received request to get all products
2024-12-04T12:43:53.708+0100 INFO               [http-nio-8082-exec-5]         be.pxl.services.services.ProductService - retrieved all products
2024-12-04T12:45:05.780+0100 INFO               [http-nio-8082-exec-8]         be.pxl.services.controller.ProductController - received request to get all products
2024-12-04T12:45:05.780+0100 INFO               [http-nio-8082-exec-8]         be.pxl.services.services.ProductService - retrieved all products
2024-12-04T12:45:19.731+0100 INFO               [http-nio-8082-exec-7]         be.pxl.services.controller.ProductController - received request to get all products
2024-12-04T12:45:19.731+0100 INFO               [http-nio-8082-exec-7]         be.pxl.services.services.ProductService - retrieved all products
2024-12-04T12:48:32.248+0100 INFO               [http-nio-8082-exec-10]        be.pxl.services.controller.ProductController - received request to get all products
2024-12-04T12:48:32.248+0100 INFO               [http-nio-8082-exec-10]        be.pxl.services.services.ProductService - retrieved all products
2024-12-04T12:49:05.994+0100 INFO               [http-nio-8082-exec-1]         be.pxl.services.controller.ProductController - received request to get all products
2024-12-04T12:49:05.994+0100 INFO               [http-nio-8082-exec-1]         be.pxl.services.services.ProductService - retrieved all products
2024-12-04T12:49:26.660+0100 INFO               [http-nio-8082-exec-2]         be.pxl.services.controller.ProductController - received request to get all products
2024-12-04T12:49:26.660+0100 INFO               [http-nio-8082-exec-2]         be.pxl.services.services.ProductService - retrieved all products
2024-12-04T12:51:02.346+0100 INFO               [http-nio-8082-exec-4]         be.pxl.services.controller.ProductController - received request to get all products
2024-12-04T12:51:02.348+0100 INFO               [http-nio-8082-exec-4]         be.pxl.services.services.ProductService - retrieved all products
2024-12-04T12:55:51.463+0100 INFO               [http-nio-8082-exec-6]         be.pxl.services.controller.ProductController - received request to get all products
2024-12-04T12:55:51.463+0100 INFO               [http-nio-8082-exec-6]         be.pxl.services.services.ProductService - retrieved all products
2024-12-04T13:00:24.351+0100 INFO               [http-nio-8082-exec-7]         be.pxl.services.controller.ProductController - received request to get all products
2024-12-04T13:00:24.351+0100 INFO               [http-nio-8082-exec-7]         be.pxl.services.services.ProductService - retrieved all products
2024-12-04T13:00:51.351+0100 INFO               [main]                         be.pxl.services.ShoppingCartServiceApplication - Starting ShoppingCartServiceApplication using Java 21.0.5 with PID 41376 (C:\Users\sarah\Desktop\Java Examen\learning-microservices-with-spring-cloud-SarahSchurgersPXL\backend-java\ExamenPXL\shoppingcart-service\target\classes started by sarah in C:\Users\sarah\Desktop\Java Examen\learning-microservices-with-spring-cloud-SarahSchurgersPXL\backend-java\ExamenPXL)
2024-12-04T13:00:51.351+0100 DEBUG              [main]                         be.pxl.services.ShoppingCartServiceApplication - Running with Spring Boot v3.3.5, Spring v6.1.14
2024-12-04T13:00:51.351+0100 INFO               [main]                         be.pxl.services.ShoppingCartServiceApplication - No active profile set, falling back to 1 default profile: "default"
2024-12-04T13:00:55.134+0100 INFO               [main]                         be.pxl.services.ShoppingCartServiceApplication - Started ShoppingCartServiceApplication in 5.223 seconds (process running for 6.22)
2024-12-04T13:01:00.954+0100 INFO               [http-nio-8082-exec-9]         be.pxl.services.controller.ProductController - received request to get all products
2024-12-04T13:01:00.954+0100 INFO               [http-nio-8082-exec-9]         be.pxl.services.services.ProductService - retrieved all products
2024-12-04T13:01:05.809+0100 INFO               [http-nio-8082-exec-10]        be.pxl.services.controller.ProductController - received request to get all products
2024-12-04T13:01:05.809+0100 INFO               [http-nio-8082-exec-10]        be.pxl.services.services.ProductService - retrieved all products
2024-12-04T13:01:22.935+0100 INFO               [http-nio-8082-exec-1]         be.pxl.services.controller.ProductController - received request to get all products
2024-12-04T13:01:22.935+0100 INFO               [http-nio-8082-exec-1]         be.pxl.services.services.ProductService - retrieved all products
2024-12-04T13:01:34.818+0100 INFO               [http-nio-8082-exec-2]         be.pxl.services.controller.ProductController - received request to get all products
2024-12-04T13:01:34.818+0100 INFO               [http-nio-8082-exec-2]         be.pxl.services.services.ProductService - retrieved all products
2024-12-04T15:07:32.936+0100 INFO               [main]                         be.pxl.services.LogbookServiceApplication - Starting LogbookServiceApplication using Java 21.0.5 with PID 12896 (C:\Users\sarah\Desktop\Java Examen\learning-microservices-with-spring-cloud-SarahSchurgersPXL\backend-java\ExamenPXL\logbook-service\target\classes started by sarah in C:\Users\sarah\Desktop\Java Examen\learning-microservices-with-spring-cloud-SarahSchurgersPXL\backend-java\ExamenPXL)
2024-12-04T15:07:32.937+0100 DEBUG              [main]                         be.pxl.services.LogbookServiceApplication - Running with Spring Boot v3.3.5, Spring v6.1.14
2024-12-04T15:07:32.937+0100 INFO               [main]                         be.pxl.services.LogbookServiceApplication - No active profile set, falling back to 1 default profile: "default"
2024-12-04T15:07:37.734+0100 INFO               [main]                         be.pxl.services.LogbookServiceApplication - Started LogbookServiceApplication in 6.242 seconds (process running for 7.224)
2024-12-04T15:07:40.928+0100 INFO               [main]                         be.pxl.services.ProductCatalogServiceApplication - Starting ProductCatalogServiceApplication using Java 21.0.5 with PID 39876 (C:\Users\sarah\Desktop\Java Examen\learning-microservices-with-spring-cloud-SarahSchurgersPXL\backend-java\ExamenPXL\productcatalog-service\target\classes started by sarah in C:\Users\sarah\Desktop\Java Examen\learning-microservices-with-spring-cloud-SarahSchurgersPXL\backend-java\ExamenPXL)
2024-12-04T15:07:40.930+0100 DEBUG              [main]                         be.pxl.services.ProductCatalogServiceApplication - Running with Spring Boot v3.3.5, Spring v6.1.14
2024-12-04T15:07:40.931+0100 INFO               [main]                         be.pxl.services.ProductCatalogServiceApplication - No active profile set, falling back to 1 default profile: "default"
2024-12-04T15:07:45.509+0100 INFO               [main]                         be.pxl.services.ProductCatalogServiceApplication - Started ProductCatalogServiceApplication in 6.063 seconds (process running for 7.163)
2024-12-04T15:07:52.911+0100 INFO               [main]                         be.pxl.services.ShoppingCartServiceApplication - Starting ShoppingCartServiceApplication using Java 21.0.5 with PID 14384 (C:\Users\sarah\Desktop\Java Examen\learning-microservices-with-spring-cloud-SarahSchurgersPXL\backend-java\ExamenPXL\shoppingcart-service\target\classes started by sarah in C:\Users\sarah\Desktop\Java Examen\learning-microservices-with-spring-cloud-SarahSchurgersPXL\backend-java\ExamenPXL)
2024-12-04T15:07:52.912+0100 DEBUG              [main]                         be.pxl.services.ShoppingCartServiceApplication - Running with Spring Boot v3.3.5, Spring v6.1.14
2024-12-04T15:07:52.913+0100 INFO               [main]                         be.pxl.services.ShoppingCartServiceApplication - No active profile set, falling back to 1 default profile: "default"
2024-12-04T15:07:56.910+0100 INFO               [main]                         be.pxl.services.ShoppingCartServiceApplication - Started ShoppingCartServiceApplication in 5.468 seconds (process running for 6.482)
2024-12-04T15:19:37.614+0100 INFO               [main]                         be.pxl.services.LogbookServiceApplication - Starting LogbookServiceApplication using Java 21.0.5 with PID 28012 (C:\Users\sarah\Desktop\Java Examen\learning-microservices-with-spring-cloud-SarahSchurgersPXL\backend-java\ExamenPXL\logbook-service\target\classes started by sarah in C:\Users\sarah\Desktop\Java Examen\learning-microservices-with-spring-cloud-SarahSchurgersPXL\backend-java\ExamenPXL)
2024-12-04T15:19:37.615+0100 DEBUG              [main]                         be.pxl.services.LogbookServiceApplication - Running with Spring Boot v3.3.5, Spring v6.1.14
2024-12-04T15:19:37.616+0100 INFO               [main]                         be.pxl.services.LogbookServiceApplication - No active profile set, falling back to 1 default profile: "default"
2024-12-04T15:19:43.049+0100 INFO               [main]                         be.pxl.services.ProductCatalogServiceApplication - Starting ProductCatalogServiceApplication using Java 21.0.5 with PID 11104 (C:\Users\sarah\Desktop\Java Examen\learning-microservices-with-spring-cloud-SarahSchurgersPXL\backend-java\ExamenPXL\productcatalog-service\target\classes started by sarah in C:\Users\sarah\Desktop\Java Examen\learning-microservices-with-spring-cloud-SarahSchurgersPXL\backend-java\ExamenPXL)
2024-12-04T15:19:43.050+0100 DEBUG              [main]                         be.pxl.services.ProductCatalogServiceApplication - Running with Spring Boot v3.3.5, Spring v6.1.14
2024-12-04T15:19:43.051+0100 INFO               [main]                         be.pxl.services.ProductCatalogServiceApplication - No active profile set, falling back to 1 default profile: "default"
2024-12-04T15:19:43.872+0100 INFO               [main]                         be.pxl.services.LogbookServiceApplication - Started LogbookServiceApplication in 8.024 seconds (process running for 9.648)
2024-12-04T15:19:47.546+0100 INFO               [main]                         be.pxl.services.ProductCatalogServiceApplication - Started ProductCatalogServiceApplication in 5.84 seconds (process running for 7.254)
2024-12-04T15:19:54.841+0100 INFO               [main]                         be.pxl.services.ShoppingCartServiceApplication - Starting ShoppingCartServiceApplication using Java 21.0.5 with PID 23568 (C:\Users\sarah\Desktop\Java Examen\learning-microservices-with-spring-cloud-SarahSchurgersPXL\backend-java\ExamenPXL\shoppingcart-service\target\classes started by sarah in C:\Users\sarah\Desktop\Java Examen\learning-microservices-with-spring-cloud-SarahSchurgersPXL\backend-java\ExamenPXL)
2024-12-04T15:19:54.842+0100 DEBUG              [main]                         be.pxl.services.ShoppingCartServiceApplication - Running with Spring Boot v3.3.5, Spring v6.1.14
2024-12-04T15:19:54.843+0100 INFO               [main]                         be.pxl.services.ShoppingCartServiceApplication - No active profile set, falling back to 1 default profile: "default"
2024-12-04T15:19:59.069+0100 INFO               [main]                         be.pxl.services.ShoppingCartServiceApplication - Started ShoppingCartServiceApplication in 5.857 seconds (process running for 6.904)
2024-12-04T15:24:14.990+0100 INFO               [http-nio-8082-exec-2]         be.pxl.services.controller.ProductController - received request to get all products
2024-12-04T15:24:14.990+0100 INFO               [http-nio-8082-exec-2]         be.pxl.services.services.ProductService - retrieved all products
2024-12-04T15:24:39.466+0100 INFO               [http-nio-8082-exec-3]         be.pxl.services.controller.ProductController - received request to get all products
2024-12-04T15:24:39.468+0100 INFO               [http-nio-8082-exec-3]         be.pxl.services.services.ProductService - retrieved all products
2024-12-04T15:33:22.056+0100 INFO               [main]                         be.pxl.services.ProductCatalogServiceApplication - Starting ProductCatalogServiceApplication using Java 21.0.5 with PID 15952 (C:\Users\sarah\Desktop\Java Examen\learning-microservices-with-spring-cloud-SarahSchurgersPXL\backend-java\ExamenPXL\productcatalog-service\target\classes started by sarah in C:\Users\sarah\Desktop\Java Examen\learning-microservices-with-spring-cloud-SarahSchurgersPXL\backend-java\ExamenPXL)
2024-12-04T15:33:22.057+0100 DEBUG              [main]                         be.pxl.services.ProductCatalogServiceApplication - Running with Spring Boot v3.3.5, Spring v6.1.14
2024-12-04T15:33:22.057+0100 INFO               [main]                         be.pxl.services.ProductCatalogServiceApplication - No active profile set, falling back to 1 default profile: "default"
2024-12-04T15:33:26.323+0100 INFO               [main]                         be.pxl.services.ProductCatalogServiceApplication - Started ProductCatalogServiceApplication in 5.371 seconds (process running for 6.707)
2024-12-04T15:33:33.474+0100 INFO               [main]                         be.pxl.services.LogbookServiceApplication - Starting LogbookServiceApplication using Java 21.0.5 with PID 18032 (C:\Users\sarah\Desktop\Java Examen\learning-microservices-with-spring-cloud-SarahSchurgersPXL\backend-java\ExamenPXL\logbook-service\target\classes started by sarah in C:\Users\sarah\Desktop\Java Examen\learning-microservices-with-spring-cloud-SarahSchurgersPXL\backend-java\ExamenPXL)
2024-12-04T15:33:33.475+0100 DEBUG              [main]                         be.pxl.services.LogbookServiceApplication - Running with Spring Boot v3.3.5, Spring v6.1.14
2024-12-04T15:33:33.480+0100 INFO               [main]                         be.pxl.services.LogbookServiceApplication - No active profile set, falling back to 1 default profile: "default"
2024-12-04T15:33:37.741+0100 INFO               [main]                         be.pxl.services.LogbookServiceApplication - Started LogbookServiceApplication in 5.493 seconds (process running for 6.795)
2024-12-04T15:33:44.405+0100 INFO               [main]                         be.pxl.services.ShoppingCartServiceApplication - Starting ShoppingCartServiceApplication using Java 21.0.5 with PID 6780 (C:\Users\sarah\Desktop\Java Examen\learning-microservices-with-spring-cloud-SarahSchurgersPXL\backend-java\ExamenPXL\shoppingcart-service\target\classes started by sarah in C:\Users\sarah\Desktop\Java Examen\learning-microservices-with-spring-cloud-SarahSchurgersPXL\backend-java\ExamenPXL)
2024-12-04T15:33:44.406+0100 DEBUG              [main]                         be.pxl.services.ShoppingCartServiceApplication - Running with Spring Boot v3.3.5, Spring v6.1.14
2024-12-04T15:33:44.407+0100 INFO               [main]                         be.pxl.services.ShoppingCartServiceApplication - No active profile set, falling back to 1 default profile: "default"
2024-12-04T15:33:48.590+0100 INFO               [main]                         be.pxl.services.ShoppingCartServiceApplication - Started ShoppingCartServiceApplication in 5.555 seconds (process running for 7.105)
2024-12-04T15:39:39.501+0100 INFO               [main]                         be.pxl.services.ProductCatalogServiceApplication - Starting ProductCatalogServiceApplication using Java 21.0.5 with PID 17800 (C:\Users\sarah\Desktop\Java Examen\learning-microservices-with-spring-cloud-SarahSchurgersPXL\backend-java\ExamenPXL\productcatalog-service\target\classes started by sarah in C:\Users\sarah\Desktop\Java Examen\learning-microservices-with-spring-cloud-SarahSchurgersPXL\backend-java\ExamenPXL)
2024-12-04T15:39:39.502+0100 DEBUG              [main]                         be.pxl.services.ProductCatalogServiceApplication - Running with Spring Boot v3.3.5, Spring v6.1.14
2024-12-04T15:39:39.503+0100 INFO               [main]                         be.pxl.services.ProductCatalogServiceApplication - No active profile set, falling back to 1 default profile: "default"
2024-12-04T15:39:44.582+0100 INFO               [main]                         be.pxl.services.ProductCatalogServiceApplication - Started ProductCatalogServiceApplication in 6.708 seconds (process running for 8.031)
2024-12-04T15:42:16.394+0100 INFO               [main]                         be.pxl.services.ProductCatalogServiceApplication - Starting ProductCatalogServiceApplication using Java 21.0.5 with PID 5368 (C:\Users\sarah\Desktop\Java Examen\learning-microservices-with-spring-cloud-SarahSchurgersPXL\backend-java\ExamenPXL\productcatalog-service\target\classes started by sarah in C:\Users\sarah\Desktop\Java Examen\learning-microservices-with-spring-cloud-SarahSchurgersPXL\backend-java\ExamenPXL)
2024-12-04T15:42:16.395+0100 DEBUG              [main]                         be.pxl.services.ProductCatalogServiceApplication - Running with Spring Boot v3.3.5, Spring v6.1.14
2024-12-04T15:42:16.395+0100 INFO               [main]                         be.pxl.services.ProductCatalogServiceApplication - No active profile set, falling back to 1 default profile: "default"
2024-12-04T15:42:21.616+0100 INFO               [main]                         be.pxl.services.ProductCatalogServiceApplication - Started ProductCatalogServiceApplication in 6.755 seconds (process running for 8.369)
2024-12-04T15:42:28.901+0100 INFO               [main]                         be.pxl.services.LogbookServiceApplication - Starting LogbookServiceApplication using Java 21.0.5 with PID 24656 (C:\Users\sarah\Desktop\Java Examen\learning-microservices-with-spring-cloud-SarahSchurgersPXL\backend-java\ExamenPXL\logbook-service\target\classes started by sarah in C:\Users\sarah\Desktop\Java Examen\learning-microservices-with-spring-cloud-SarahSchurgersPXL\backend-java\ExamenPXL)
2024-12-04T15:42:28.902+0100 DEBUG              [main]                         be.pxl.services.LogbookServiceApplication - Running with Spring Boot v3.3.5, Spring v6.1.14
2024-12-04T15:42:28.903+0100 INFO               [main]                         be.pxl.services.LogbookServiceApplication - No active profile set, falling back to 1 default profile: "default"
2024-12-04T15:42:33.392+0100 INFO               [main]                         be.pxl.services.LogbookServiceApplication - Started LogbookServiceApplication in 6.139 seconds (process running for 7.723)
2024-12-04T15:42:41.030+0100 INFO               [main]                         be.pxl.services.ShoppingCartServiceApplication - Starting ShoppingCartServiceApplication using Java 21.0.5 with PID 35080 (C:\Users\sarah\Desktop\Java Examen\learning-microservices-with-spring-cloud-SarahSchurgersPXL\backend-java\ExamenPXL\shoppingcart-service\target\classes started by sarah in C:\Users\sarah\Desktop\Java Examen\learning-microservices-with-spring-cloud-SarahSchurgersPXL\backend-java\ExamenPXL)
2024-12-04T15:42:41.031+0100 DEBUG              [main]                         be.pxl.services.ShoppingCartServiceApplication - Running with Spring Boot v3.3.5, Spring v6.1.14
2024-12-04T15:42:41.033+0100 INFO               [main]                         be.pxl.services.ShoppingCartServiceApplication - No active profile set, falling back to 1 default profile: "default"
2024-12-04T15:42:45.587+0100 INFO               [main]                         be.pxl.services.ShoppingCartServiceApplication - Started ShoppingCartServiceApplication in 5.925 seconds (process running for 7.279)
2024-12-04T15:45:02.939+0100 INFO               [main]                         be.pxl.services.ProductCatalogServiceApplication - Starting ProductCatalogServiceApplication using Java 21.0.5 with PID 6544 (C:\Users\sarah\Desktop\Java Examen\learning-microservices-with-spring-cloud-SarahSchurgersPXL\backend-java\ExamenPXL\productcatalog-service\target\classes started by sarah in C:\Users\sarah\Desktop\Java Examen\learning-microservices-with-spring-cloud-SarahSchurgersPXL\backend-java\ExamenPXL)
2024-12-04T15:45:02.941+0100 DEBUG              [main]                         be.pxl.services.ProductCatalogServiceApplication - Running with Spring Boot v3.3.5, Spring v6.1.14
2024-12-04T15:45:02.943+0100 INFO               [main]                         be.pxl.services.ProductCatalogServiceApplication - No active profile set, falling back to 1 default profile: "default"
2024-12-04T15:45:07.702+0100 INFO               [main]                         be.pxl.services.ProductCatalogServiceApplication - Started ProductCatalogServiceApplication in 6.26 seconds (process running for 7.505)
2024-12-04T15:45:41.703+0100 INFO               [http-nio-8082-exec-1]         be.pxl.services.controller.ProductController - received request to get all products
2024-12-04T15:45:41.703+0100 INFO               [http-nio-8082-exec-1]         be.pxl.services.services.ProductService - retrieved all products
2024-12-04T15:45:54.914+0100 INFO               [http-nio-8082-exec-2]         be.pxl.services.controller.ProductController - received request to get all products
2024-12-04T15:45:54.914+0100 INFO               [http-nio-8082-exec-2]         be.pxl.services.services.ProductService - retrieved all products
2024-12-04T15:48:44.372+0100 INFO               [http-nio-8082-exec-4]         be.pxl.services.controller.ProductController - received request to add product
2024-12-04T15:51:58.430+0100 INFO               [main]                         be.pxl.services.ProductCatalogServiceApplication - Starting ProductCatalogServiceApplication using Java 21.0.5 with PID 37704 (C:\Users\sarah\Desktop\Java Examen\learning-microservices-with-spring-cloud-SarahSchurgersPXL\backend-java\ExamenPXL\productcatalog-service\target\classes started by sarah in C:\Users\sarah\Desktop\Java Examen\learning-microservices-with-spring-cloud-SarahSchurgersPXL\backend-java\ExamenPXL)
2024-12-04T15:51:58.431+0100 DEBUG              [main]                         be.pxl.services.ProductCatalogServiceApplication - Running with Spring Boot v3.3.5, Spring v6.1.14
2024-12-04T15:51:58.436+0100 INFO               [main]                         be.pxl.services.ProductCatalogServiceApplication - No active profile set, falling back to 1 default profile: "default"
2024-12-04T15:52:03.050+0100 INFO               [main]                         be.pxl.services.ProductCatalogServiceApplication - Started ProductCatalogServiceApplication in 6.28 seconds (process running for 7.4)
2024-12-04T15:52:20.161+0100 INFO               [main]                         be.pxl.services.LogbookServiceApplication - Starting LogbookServiceApplication using Java 21.0.5 with PID 2484 (C:\Users\sarah\Desktop\Java Examen\learning-microservices-with-spring-cloud-SarahSchurgersPXL\backend-java\ExamenPXL\logbook-service\target\classes started by sarah in C:\Users\sarah\Desktop\Java Examen\learning-microservices-with-spring-cloud-SarahSchurgersPXL\backend-java\ExamenPXL)
2024-12-04T15:52:20.162+0100 DEBUG              [main]                         be.pxl.services.LogbookServiceApplication - Running with Spring Boot v3.3.5, Spring v6.1.14
2024-12-04T15:52:20.169+0100 INFO               [main]                         be.pxl.services.LogbookServiceApplication - No active profile set, falling back to 1 default profile: "default"
2024-12-04T15:52:26.040+0100 INFO               [main]                         be.pxl.services.LogbookServiceApplication - Started LogbookServiceApplication in 7.761 seconds (process running for 9.277)
2024-12-04T15:52:42.416+0100 INFO               [http-nio-8082-exec-1]         be.pxl.services.controller.ProductController - received request to add product
2024-12-04T15:52:42.521+0100 INFO               [http-nio-8082-exec-1]         be.pxl.services.services.ProductService - added product: compost with id: 21
2024-12-04T15:58:21.225+0100 INFO               [main]                         be.pxl.services.ProductCatalogServiceApplication - Starting ProductCatalogServiceApplication using Java 21.0.5 with PID 36324 (C:\Users\sarah\Desktop\Java Examen\learning-microservices-with-spring-cloud-SarahSchurgersPXL\backend-java\ExamenPXL\productcatalog-service\target\classes started by sarah in C:\Users\sarah\Desktop\Java Examen\learning-microservices-with-spring-cloud-SarahSchurgersPXL\backend-java\ExamenPXL)
2024-12-04T15:58:21.226+0100 DEBUG              [main]                         be.pxl.services.ProductCatalogServiceApplication - Running with Spring Boot v3.3.5, Spring v6.1.14
2024-12-04T15:58:21.228+0100 INFO               [main]                         be.pxl.services.ProductCatalogServiceApplication - No active profile set, falling back to 1 default profile: "default"
2024-12-04T15:58:25.829+0100 INFO               [main]                         be.pxl.services.ProductCatalogServiceApplication - Started ProductCatalogServiceApplication in 5.91 seconds (process running for 7.352)
2024-12-04T15:59:02.464+0100 INFO               [main]                         be.pxl.services.LogbookServiceApplication - Starting LogbookServiceApplication using Java 21.0.5 with PID 38180 (C:\Users\sarah\Desktop\Java Examen\learning-microservices-with-spring-cloud-SarahSchurgersPXL\backend-java\ExamenPXL\logbook-service\target\classes started by sarah in C:\Users\sarah\Desktop\Java Examen\learning-microservices-with-spring-cloud-SarahSchurgersPXL\backend-java\ExamenPXL)
2024-12-04T15:59:02.464+0100 DEBUG              [main]                         be.pxl.services.LogbookServiceApplication - Running with Spring Boot v3.3.5, Spring v6.1.14
2024-12-04T15:59:02.468+0100 INFO               [main]                         be.pxl.services.LogbookServiceApplication - No active profile set, falling back to 1 default profile: "default"
2024-12-04T15:59:08.005+0100 INFO               [main]                         be.pxl.services.LogbookServiceApplication - Started LogbookServiceApplication in 7.283 seconds (process running for 8.327)
2024-12-04T16:02:51.934+0100 INFO               [main]                         be.pxl.services.LogbookServiceApplication - Starting LogbookServiceApplication using Java 21.0.5 with PID 404 (C:\Users\sarah\Desktop\Java Examen\learning-microservices-with-spring-cloud-SarahSchurgersPXL\backend-java\ExamenPXL\logbook-service\target\classes started by sarah in C:\Users\sarah\Desktop\Java Examen\learning-microservices-with-spring-cloud-SarahSchurgersPXL\backend-java\ExamenPXL)
2024-12-04T16:02:51.935+0100 DEBUG              [main]                         be.pxl.services.LogbookServiceApplication - Running with Spring Boot v3.3.5, Spring v6.1.14
2024-12-04T16:02:51.943+0100 INFO               [main]                         be.pxl.services.LogbookServiceApplication - No active profile set, falling back to 1 default profile: "default"
2024-12-04T16:02:57.008+0100 INFO               [main]                         be.pxl.services.LogbookServiceApplication - Started LogbookServiceApplication in 6.602 seconds (process running for 7.943)
2024-12-04T16:15:43.800+0100 INFO               [main]                         be.pxl.services.ProductCatalogServiceApplication - Starting ProductCatalogServiceApplication using Java 21.0.5 with PID 31992 (C:\Users\sarah\Desktop\Java Examen\learning-microservices-with-spring-cloud-SarahSchurgersPXL\backend-java\ExamenPXL\productcatalog-service\target\classes started by sarah in C:\Users\sarah\Desktop\Java Examen\learning-microservices-with-spring-cloud-SarahSchurgersPXL\backend-java\ExamenPXL)
2024-12-04T16:15:43.801+0100 DEBUG              [main]                         be.pxl.services.ProductCatalogServiceApplication - Running with Spring Boot v3.3.5, Spring v6.1.14
2024-12-04T16:15:43.802+0100 INFO               [main]                         be.pxl.services.ProductCatalogServiceApplication - No active profile set, falling back to 1 default profile: "default"
2024-12-04T16:15:48.753+0100 INFO               [main]                         be.pxl.services.ProductCatalogServiceApplication - Started ProductCatalogServiceApplication in 6.24 seconds (process running for 7.705)
2024-12-04T16:18:32.362+0100 INFO               [main]                         be.pxl.services.LogbookServiceApplication - Starting LogbookServiceApplication using Java 21.0.5 with PID 13888 (C:\Users\sarah\Desktop\Java Examen\learning-microservices-with-spring-cloud-SarahSchurgersPXL\backend-java\ExamenPXL\logbook-service\target\classes started by sarah in C:\Users\sarah\Desktop\Java Examen\learning-microservices-with-spring-cloud-SarahSchurgersPXL\backend-java\ExamenPXL)
2024-12-04T16:18:32.364+0100 DEBUG              [main]                         be.pxl.services.LogbookServiceApplication - Running with Spring Boot v3.3.5, Spring v6.1.14
2024-12-04T16:18:32.365+0100 INFO               [main]                         be.pxl.services.LogbookServiceApplication - No active profile set, falling back to 1 default profile: "default"
2024-12-04T16:18:37.143+0100 INFO               [main]                         be.pxl.services.LogbookServiceApplication - Started LogbookServiceApplication in 6.191 seconds (process running for 7.537)
2024-12-04T16:18:46.722+0100 INFO               [main]                         be.pxl.services.ProductCatalogServiceApplication - Starting ProductCatalogServiceApplication using Java 21.0.5 with PID 17096 (C:\Users\sarah\Desktop\Java Examen\learning-microservices-with-spring-cloud-SarahSchurgersPXL\backend-java\ExamenPXL\productcatalog-service\target\classes started by sarah in C:\Users\sarah\Desktop\Java Examen\learning-microservices-with-spring-cloud-SarahSchurgersPXL\backend-java\ExamenPXL)
2024-12-04T16:18:46.723+0100 DEBUG              [main]                         be.pxl.services.ProductCatalogServiceApplication - Running with Spring Boot v3.3.5, Spring v6.1.14
2024-12-04T16:18:46.724+0100 INFO               [main]                         be.pxl.services.ProductCatalogServiceApplication - No active profile set, falling back to 1 default profile: "default"
2024-12-04T16:18:51.372+0100 INFO               [main]                         be.pxl.services.ProductCatalogServiceApplication - Started ProductCatalogServiceApplication in 6.195 seconds (process running for 7.506)
2024-12-04T16:27:45.761+0100 INFO               [main]                         be.pxl.services.LogbookServiceApplication - Starting LogbookServiceApplication using Java 21.0.5 with PID 22504 (C:\Users\sarah\Desktop\Java Examen\learning-microservices-with-spring-cloud-SarahSchurgersPXL\backend-java\ExamenPXL\logbook-service\target\classes started by sarah in C:\Users\sarah\Desktop\Java Examen\learning-microservices-with-spring-cloud-SarahSchurgersPXL\backend-java\ExamenPXL)
2024-12-04T16:27:45.762+0100 DEBUG              [main]                         be.pxl.services.LogbookServiceApplication - Running with Spring Boot v3.3.5, Spring v6.1.14
2024-12-04T16:27:45.762+0100 INFO               [main]                         be.pxl.services.LogbookServiceApplication - No active profile set, falling back to 1 default profile: "default"
2024-12-04T16:27:50.885+0100 INFO               [main]                         be.pxl.services.LogbookServiceApplication - Started LogbookServiceApplication in 6.496 seconds (process running for 7.858)
2024-12-04T16:28:01.942+0100 INFO               [main]                         be.pxl.services.ProductCatalogServiceApplication - Starting ProductCatalogServiceApplication using Java 21.0.5 with PID 40136 (C:\Users\sarah\Desktop\Java Examen\learning-microservices-with-spring-cloud-SarahSchurgersPXL\backend-java\ExamenPXL\productcatalog-service\target\classes started by sarah in C:\Users\sarah\Desktop\Java Examen\learning-microservices-with-spring-cloud-SarahSchurgersPXL\backend-java\ExamenPXL)
2024-12-04T16:28:01.943+0100 DEBUG              [main]                         be.pxl.services.ProductCatalogServiceApplication - Running with Spring Boot v3.3.5, Spring v6.1.14
2024-12-04T16:28:01.943+0100 INFO               [main]                         be.pxl.services.ProductCatalogServiceApplication - No active profile set, falling back to 1 default profile: "default"
2024-12-04T16:28:06.757+0100 INFO               [main]                         be.pxl.services.ProductCatalogServiceApplication - Started ProductCatalogServiceApplication in 6.134 seconds (process running for 7.376)
2024-12-04T16:28:43.973+0100 INFO               [http-nio-8082-exec-3]         be.pxl.services.controller.ProductController - received request to add product
2024-12-04T16:28:44.070+0100 INFO               [http-nio-8082-exec-3]         be.pxl.services.services.ProductService - added product: compost2 with id: 22
2024-12-04T16:33:04.624+0100 INFO               [main]                         be.pxl.services.LogbookServiceApplication - Starting LogbookServiceApplication using Java 21.0.5 with PID 40868 (C:\Users\sarah\Desktop\Java Examen\learning-microservices-with-spring-cloud-SarahSchurgersPXL\backend-java\ExamenPXL\logbook-service\target\classes started by sarah in C:\Users\sarah\Desktop\Java Examen\learning-microservices-with-spring-cloud-SarahSchurgersPXL\backend-java\ExamenPXL)
2024-12-04T16:33:04.625+0100 DEBUG              [main]                         be.pxl.services.LogbookServiceApplication - Running with Spring Boot v3.3.5, Spring v6.1.14
2024-12-04T16:33:04.626+0100 INFO               [main]                         be.pxl.services.LogbookServiceApplication - No active profile set, falling back to 1 default profile: "default"
2024-12-04T16:33:08.889+0100 INFO               [main]                         be.pxl.services.LogbookServiceApplication - Started LogbookServiceApplication in 5.645 seconds (process running for 7.091)
2024-12-04T16:44:26.242+0100 INFO               [main]                         be.pxl.services.LogbookServiceApplication - Starting LogbookServiceApplication using Java 21.0.5 with PID 37496 (C:\Users\sarah\Desktop\Java Examen\learning-microservices-with-spring-cloud-SarahSchurgersPXL\backend-java\ExamenPXL\logbook-service\target\classes started by sarah in C:\Users\sarah\Desktop\Java Examen\learning-microservices-with-spring-cloud-SarahSchurgersPXL\backend-java\ExamenPXL)
2024-12-04T16:44:26.243+0100 DEBUG              [main]                         be.pxl.services.LogbookServiceApplication - Running with Spring Boot v3.3.5, Spring v6.1.14
2024-12-04T16:44:26.244+0100 INFO               [main]                         be.pxl.services.LogbookServiceApplication - No active profile set, falling back to 1 default profile: "default"
2024-12-04T16:44:30.694+0100 INFO               [main]                         be.pxl.services.LogbookServiceApplication - Started LogbookServiceApplication in 5.955 seconds (process running for 7.364)
2024-12-04T16:51:12.932+0100 INFO               [main]                         be.pxl.services.LogbookServiceApplication - Starting LogbookServiceApplication using Java 21.0.5 with PID 38188 (C:\Users\sarah\Desktop\Java Examen\learning-microservices-with-spring-cloud-SarahSchurgersPXL\backend-java\ExamenPXL\logbook-service\target\classes started by sarah in C:\Users\sarah\Desktop\Java Examen\learning-microservices-with-spring-cloud-SarahSchurgersPXL\backend-java\ExamenPXL)
2024-12-04T16:51:12.933+0100 DEBUG              [main]                         be.pxl.services.LogbookServiceApplication - Running with Spring Boot v3.3.5, Spring v6.1.14
2024-12-04T16:51:12.937+0100 INFO               [main]                         be.pxl.services.LogbookServiceApplication - No active profile set, falling back to 1 default profile: "default"
2024-12-04T16:51:17.275+0100 INFO               [main]                         be.pxl.services.LogbookServiceApplication - Started LogbookServiceApplication in 5.529 seconds (process running for 6.95)
2024-12-04T16:52:12.423+0100 INFO               [main]                         be.pxl.services.ProductCatalogServiceApplication - Starting ProductCatalogServiceApplication using Java 21.0.5 with PID 34764 (C:\Users\sarah\Desktop\Java Examen\learning-microservices-with-spring-cloud-SarahSchurgersPXL\backend-java\ExamenPXL\productcatalog-service\target\classes started by sarah in C:\Users\sarah\Desktop\Java Examen\learning-microservices-with-spring-cloud-SarahSchurgersPXL\backend-java\ExamenPXL)
2024-12-04T16:52:12.424+0100 DEBUG              [main]                         be.pxl.services.ProductCatalogServiceApplication - Running with Spring Boot v3.3.5, Spring v6.1.14
2024-12-04T16:52:12.427+0100 INFO               [main]                         be.pxl.services.ProductCatalogServiceApplication - No active profile set, falling back to 1 default profile: "default"
2024-12-04T16:52:17.096+0100 INFO               [main]                         be.pxl.services.ProductCatalogServiceApplication - Started ProductCatalogServiceApplication in 6.198 seconds (process running for 7.283)
2024-12-04T16:52:33.075+0100 INFO               [http-nio-8082-exec-5]         be.pxl.services.controller.ProductController - received request to add product
2024-12-04T16:52:33.144+0100 INFO               [http-nio-8082-exec-5]         be.pxl.services.services.ProductService - added product: compost3 with id: 23
2024-12-04T16:52:33.153+0100 INFO               [org.springframework.amqp.rabbit.RabbitListenerEndpointContainer#0-1] be.pxl.services.QueueService  - Log received: Product added
2024-12-04T16:52:33.212+0100 INFO               [org.springframework.amqp.rabbit.RabbitListenerEndpointContainer#0-1] be.pxl.services.service.LogbookService - Log added: 1
2024-12-04T16:52:33.212+0100 INFO               [org.springframework.amqp.rabbit.RabbitListenerEndpointContainer#0-1] be.pxl.services.QueueService  - Log processed: Product added
2024-12-04T16:53:07.500+0100 INFO               [http-nio-8084-exec-1]         be.pxl.services.service.LogbookService - Log added: 2
2024-12-04T16:53:07.500+0100 INFO               [http-nio-8084-exec-1]         be.pxl.services.controller.LogbookController - received requests to add log
2024-12-04T16:53:24.311+0100 INFO               [http-nio-8084-exec-4]         be.pxl.services.service.LogbookService - Getting all logs
2024-12-04T16:53:24.390+0100 INFO               [http-nio-8084-exec-4]         be.pxl.services.controller.LogbookController - received requests to get all logs
2024-12-04T16:54:26.829+0100 INFO               [main]                         be.pxl.services.ShoppingCartServiceApplication - Starting ShoppingCartServiceApplication using Java 21.0.5 with PID 10608 (C:\Users\sarah\Desktop\Java Examen\learning-microservices-with-spring-cloud-SarahSchurgersPXL\backend-java\ExamenPXL\shoppingcart-service\target\classes started by sarah in C:\Users\sarah\Desktop\Java Examen\learning-microservices-with-spring-cloud-SarahSchurgersPXL\backend-java\ExamenPXL)
2024-12-04T16:54:26.830+0100 DEBUG              [main]                         be.pxl.services.ShoppingCartServiceApplication - Running with Spring Boot v3.3.5, Spring v6.1.14
2024-12-04T16:54:26.831+0100 INFO               [main]                         be.pxl.services.ShoppingCartServiceApplication - No active profile set, falling back to 1 default profile: "default"
2024-12-04T16:54:31.475+0100 INFO               [main]                         be.pxl.services.ShoppingCartServiceApplication - Started ShoppingCartServiceApplication in 6.102 seconds (process running for 7.247)
2024-12-04T16:55:14.705+0100 INFO               [http-nio-8082-exec-4]         be.pxl.services.controller.ProductController - received request to get all products
2024-12-04T16:55:14.705+0100 INFO               [http-nio-8082-exec-4]         be.pxl.services.services.ProductService - retrieved all products
2024-12-04T16:55:34.603+0100 INFO               [http-nio-8082-exec-1]         be.pxl.services.controller.ProductController - received request to get all products
2024-12-04T16:55:34.603+0100 INFO               [http-nio-8082-exec-1]         be.pxl.services.services.ProductService - retrieved all products
2024-12-04T16:55:34.605+0100 INFO               [http-nio-8085-exec-3]         be.pxl.services.services.ShoppingCartService - new shoppingcart created
2024-12-04T16:56:30.309+0100 INFO               [http-nio-8085-exec-4]         be.pxl.services.services.ShoppingCartService - new shoppingcart created
2024-12-04T17:11:58.060+0100 INFO               [http-nio-8085-exec-10]        be.pxl.services.services.ShoppingCartService - new shoppingcart created
2024-12-04T17:11:58.098+0100 INFO               [http-nio-8085-exec-10]        be.pxl.services.controller.ShoppingCartController - received request to create a new cart
2024-12-04T17:12:13.085+0100 INFO               [http-nio-8085-exec-5]         be.pxl.services.services.ShoppingCartService - new shoppingcart created
2024-12-04T17:12:13.087+0100 INFO               [http-nio-8082-exec-3]         be.pxl.services.controller.ProductController - received request to get all products
2024-12-04T17:12:13.087+0100 INFO               [http-nio-8082-exec-3]         be.pxl.services.services.ProductService - retrieved all products
2024-12-04T17:12:13.137+0100 INFO               [http-nio-8085-exec-5]         be.pxl.services.controller.ShoppingCartController - received request to create a new cart
2024-12-04T17:19:34.675+0100 INFO               [main]                         be.pxl.services.ShoppingCartServiceApplication - Starting ShoppingCartServiceApplication using Java 21.0.5 with PID 29520 (C:\Users\sarah\Desktop\Java Examen\learning-microservices-with-spring-cloud-SarahSchurgersPXL\backend-java\ExamenPXL\shoppingcart-service\target\classes started by sarah in C:\Users\sarah\Desktop\Java Examen\learning-microservices-with-spring-cloud-SarahSchurgersPXL\backend-java\ExamenPXL)
2024-12-04T17:19:34.676+0100 DEBUG              [main]                         be.pxl.services.ShoppingCartServiceApplication - Running with Spring Boot v3.3.5, Spring v6.1.14
2024-12-04T17:19:34.676+0100 INFO               [main]                         be.pxl.services.ShoppingCartServiceApplication - No active profile set, falling back to 1 default profile: "default"
2024-12-04T17:19:37.491+0100 INFO               [main]                         be.pxl.services.ShoppingCartServiceApplication - Started ShoppingCartServiceApplication in 3.483 seconds (process running for 3.962)
2024-12-04T17:21:19.227+0100 INFO               [main]                         be.pxl.services.ShoppingCartServiceApplication - Starting ShoppingCartServiceApplication using Java 21.0.5 with PID 13972 (C:\Users\sarah\Desktop\Java Examen\learning-microservices-with-spring-cloud-SarahSchurgersPXL\backend-java\ExamenPXL\shoppingcart-service\target\classes started by sarah in C:\Users\sarah\Desktop\Java Examen\learning-microservices-with-spring-cloud-SarahSchurgersPXL\backend-java\ExamenPXL)
2024-12-04T17:21:19.227+0100 DEBUG              [main]                         be.pxl.services.ShoppingCartServiceApplication - Running with Spring Boot v3.3.5, Spring v6.1.14
2024-12-04T17:21:19.235+0100 INFO               [main]                         be.pxl.services.ShoppingCartServiceApplication - No active profile set, falling back to 1 default profile: "default"
2024-12-04T17:21:24.097+0100 INFO               [main]                         be.pxl.services.ShoppingCartServiceApplication - Started ShoppingCartServiceApplication in 6.704 seconds (process running for 8.42)
2024-12-04T17:22:53.975+0100 INFO               [http-nio-8082-exec-2]         be.pxl.services.controller.ProductController - received request to get all products
2024-12-04T17:22:53.975+0100 INFO               [http-nio-8082-exec-2]         be.pxl.services.services.ProductService - retrieved all products
2024-12-04T17:22:59.980+0100 INFO               [http-nio-8082-exec-9]         be.pxl.services.controller.ProductController - received request to get all products
2024-12-04T17:22:59.980+0100 INFO               [http-nio-8082-exec-9]         be.pxl.services.services.ProductService - retrieved all products
2024-12-04T17:23:29.160+0100 INFO               [http-nio-8082-exec-7]         be.pxl.services.controller.ProductController - received request to get all products
2024-12-04T17:23:29.160+0100 INFO               [http-nio-8082-exec-7]         be.pxl.services.services.ProductService - retrieved all products
2024-12-04T17:23:29.160+0100 INFO               [http-nio-8085-exec-3]         be.pxl.services.services.ShoppingCartService - new shoppingcart created
2024-12-04T17:23:29.252+0100 INFO               [http-nio-8085-exec-3]         be.pxl.services.controller.ShoppingCartController - received request to create a new cart
2024-12-04T17:29:24.355+0100 INFO               [main]                         be.pxl.services.ShoppingCartServiceApplication - Starting ShoppingCartServiceApplication using Java 21.0.5 with PID 37220 (C:\Users\sarah\Desktop\Java Examen\learning-microservices-with-spring-cloud-SarahSchurgersPXL\backend-java\ExamenPXL\shoppingcart-service\target\classes started by sarah in C:\Users\sarah\Desktop\Java Examen\learning-microservices-with-spring-cloud-SarahSchurgersPXL\backend-java\ExamenPXL)
2024-12-04T17:29:24.356+0100 DEBUG              [main]                         be.pxl.services.ShoppingCartServiceApplication - Running with Spring Boot v3.3.5, Spring v6.1.14
2024-12-04T17:29:24.360+0100 INFO               [main]                         be.pxl.services.ShoppingCartServiceApplication - No active profile set, falling back to 1 default profile: "default"
2024-12-04T17:29:29.127+0100 INFO               [main]                         be.pxl.services.ShoppingCartServiceApplication - Started ShoppingCartServiceApplication in 6.357 seconds (process running for 7.476)
2024-12-04T17:30:01.855+0100 INFO               [http-nio-8082-exec-6]         be.pxl.services.controller.ProductController - received request to get product with id: 1
2024-12-04T17:30:01.865+0100 INFO               [http-nio-8082-exec-6]         be.pxl.services.services.ProductService - retrieved product with id: 1
2024-12-04T17:30:01.879+0100 INFO               [http-nio-8085-exec-2]         be.pxl.services.services.ShoppingCartService - product with id 1 added to cart with id 2
2024-12-04T17:48:55.593+0100 INFO               [main]                         be.pxl.services.LogbookServiceApplication - Starting LogbookServiceApplication using Java 21.0.5 with PID 21960 (C:\Users\sarah\Desktop\Java Examen\learning-microservices-with-spring-cloud-SarahSchurgersPXL\backend-java\ExamenPXL\logbook-service\target\classes started by sarah in C:\Users\sarah\Desktop\Java Examen\learning-microservices-with-spring-cloud-SarahSchurgersPXL\backend-java\ExamenPXL)
2024-12-04T17:48:55.594+0100 DEBUG              [main]                         be.pxl.services.LogbookServiceApplication - Running with Spring Boot v3.3.5, Spring v6.1.14
2024-12-04T17:48:55.596+0100 INFO               [main]                         be.pxl.services.LogbookServiceApplication - No active profile set, falling back to 1 default profile: "default"
2024-12-04T17:49:00.571+0100 INFO               [main]                         be.pxl.services.ProductCatalogServiceApplication - Starting ProductCatalogServiceApplication using Java 21.0.5 with PID 39160 (C:\Users\sarah\Desktop\Java Examen\learning-microservices-with-spring-cloud-SarahSchurgersPXL\backend-java\ExamenPXL\productcatalog-service\target\classes started by sarah in C:\Users\sarah\Desktop\Java Examen\learning-microservices-with-spring-cloud-SarahSchurgersPXL\backend-java\ExamenPXL)
2024-12-04T17:49:00.572+0100 DEBUG              [main]                         be.pxl.services.ProductCatalogServiceApplication - Running with Spring Boot v3.3.5, Spring v6.1.14
2024-12-04T17:49:00.574+0100 INFO               [main]                         be.pxl.services.ProductCatalogServiceApplication - No active profile set, falling back to 1 default profile: "default"
2024-12-04T17:49:01.699+0100 INFO               [main]                         be.pxl.services.LogbookServiceApplication - Started LogbookServiceApplication in 8.043 seconds (process running for 9.311)
2024-12-04T17:49:05.530+0100 INFO               [main]                         be.pxl.services.ProductCatalogServiceApplication - Started ProductCatalogServiceApplication in 6.689 seconds (process running for 7.653)
2024-12-04T17:49:21.775+0100 INFO               [main]                         be.pxl.services.ShoppingCartServiceApplication - Starting ShoppingCartServiceApplication using Java 21.0.5 with PID 23516 (C:\Users\sarah\Desktop\Java Examen\learning-microservices-with-spring-cloud-SarahSchurgersPXL\backend-java\ExamenPXL\shoppingcart-service\target\classes started by sarah in C:\Users\sarah\Desktop\Java Examen\learning-microservices-with-spring-cloud-SarahSchurgersPXL\backend-java\ExamenPXL)
2024-12-04T17:49:21.776+0100 DEBUG              [main]                         be.pxl.services.ShoppingCartServiceApplication - Running with Spring Boot v3.3.5, Spring v6.1.14
2024-12-04T17:49:21.776+0100 INFO               [main]                         be.pxl.services.ShoppingCartServiceApplication - No active profile set, falling back to 1 default profile: "default"
2024-12-04T17:49:26.070+0100 INFO               [main]                         be.pxl.services.ShoppingCartServiceApplication - Started ShoppingCartServiceApplication in 5.382 seconds (process running for 6.567)
2024-12-04T17:51:17.593+0100 INFO               [main]                         be.pxl.services.ShoppingCartServiceApplication - Starting ShoppingCartServiceApplication using Java 21.0.5 with PID 15536 (C:\Users\sarah\Desktop\Java Examen\learning-microservices-with-spring-cloud-SarahSchurgersPXL\backend-java\ExamenPXL\shoppingcart-service\target\classes started by sarah in C:\Users\sarah\Desktop\Java Examen\learning-microservices-with-spring-cloud-SarahSchurgersPXL\backend-java\ExamenPXL)
2024-12-04T17:51:17.594+0100 DEBUG              [main]                         be.pxl.services.ShoppingCartServiceApplication - Running with Spring Boot v3.3.5, Spring v6.1.14
2024-12-04T17:51:17.596+0100 INFO               [main]                         be.pxl.services.ShoppingCartServiceApplication - No active profile set, falling back to 1 default profile: "default"
2024-12-04T17:51:23.692+0100 INFO               [main]                         be.pxl.services.ShoppingCartServiceApplication - Started ShoppingCartServiceApplication in 7.761 seconds (process running for 9.09)
2024-12-04T17:51:35.825+0100 INFO               [main]                         be.pxl.services.ProductCatalogServiceApplication - Starting ProductCatalogServiceApplication using Java 21.0.5 with PID 34564 (C:\Users\sarah\Desktop\Java Examen\learning-microservices-with-spring-cloud-SarahSchurgersPXL\backend-java\ExamenPXL\productcatalog-service\target\classes started by sarah in C:\Users\sarah\Desktop\Java Examen\learning-microservices-with-spring-cloud-SarahSchurgersPXL\backend-java\ExamenPXL)
2024-12-04T17:51:35.826+0100 DEBUG              [main]                         be.pxl.services.ProductCatalogServiceApplication - Running with Spring Boot v3.3.5, Spring v6.1.14
2024-12-04T17:51:35.837+0100 INFO               [main]                         be.pxl.services.ProductCatalogServiceApplication - No active profile set, falling back to 1 default profile: "default"
2024-12-04T17:51:40.975+0100 INFO               [main]                         be.pxl.services.ProductCatalogServiceApplication - Started ProductCatalogServiceApplication in 6.672 seconds (process running for 7.884)
2024-12-04T17:51:52.686+0100 INFO               [main]                         be.pxl.services.LogbookServiceApplication - Starting LogbookServiceApplication using Java 21.0.5 with PID 17416 (C:\Users\sarah\Desktop\Java Examen\learning-microservices-with-spring-cloud-SarahSchurgersPXL\backend-java\ExamenPXL\logbook-service\target\classes started by sarah in C:\Users\sarah\Desktop\Java Examen\learning-microservices-with-spring-cloud-SarahSchurgersPXL\backend-java\ExamenPXL)
2024-12-04T17:51:52.688+0100 DEBUG              [main]                         be.pxl.services.LogbookServiceApplication - Running with Spring Boot v3.3.5, Spring v6.1.14
2024-12-04T17:51:52.692+0100 INFO               [main]                         be.pxl.services.LogbookServiceApplication - No active profile set, falling back to 1 default profile: "default"
2024-12-04T17:51:57.589+0100 INFO               [main]                         be.pxl.services.LogbookServiceApplication - Started LogbookServiceApplication in 6.28 seconds (process running for 7.88)
2024-12-04T17:52:12.050+0100 INFO               [http-nio-8085-exec-5]         be.pxl.services.services.ShoppingCartService - new shoppingcart created
2024-12-04T17:52:12.273+0100 INFO               [http-nio-8085-exec-5]         be.pxl.services.controller.ShoppingCartController - received request to create a new cart
2024-12-04T17:54:02.265+0100 INFO               [http-nio-8082-exec-1]         be.pxl.services.controller.ProductController - received request to add product
2024-12-04T17:54:02.335+0100 INFO               [http-nio-8082-exec-1]         be.pxl.services.services.ProductService - added product: Compost with id: 1
2024-12-04T17:54:02.343+0100 INFO               [org.springframework.amqp.rabbit.RabbitListenerEndpointContainer#0-1] be.pxl.services.QueueService  - Log received: Product added
2024-12-04T17:54:02.362+0100 INFO               [org.springframework.amqp.rabbit.RabbitListenerEndpointContainer#0-1] be.pxl.services.service.LogbookService - Log added: 1
2024-12-04T17:54:02.363+0100 INFO               [org.springframework.amqp.rabbit.RabbitListenerEndpointContainer#0-1] be.pxl.services.QueueService  - Log processed: Product added
2024-12-04T17:54:15.123+0100 INFO               [http-nio-8085-exec-6]         be.pxl.services.services.ShoppingCartService - new shoppingcart created
2024-12-04T17:54:15.143+0100 INFO               [http-nio-8085-exec-6]         be.pxl.services.controller.ShoppingCartController - received request to create a new cart
2024-12-04T20:52:11.575+0100 INFO               [main]                         be.pxl.services.ProductCatalogServiceApplication - Starting ProductCatalogServiceApplication using Java 21.0.5 with PID 10928 (C:\Users\sarah\Desktop\Java Examen\learning-microservices-with-spring-cloud-SarahSchurgersPXL\backend-java\ExamenPXL\productcatalog-service\target\classes started by sarah in C:\Users\sarah\Desktop\Java Examen\learning-microservices-with-spring-cloud-SarahSchurgersPXL\backend-java\ExamenPXL)
2024-12-04T20:52:11.576+0100 DEBUG              [main]                         be.pxl.services.ProductCatalogServiceApplication - Running with Spring Boot v3.3.5, Spring v6.1.14
2024-12-04T20:52:11.576+0100 INFO               [main]                         be.pxl.services.ProductCatalogServiceApplication - No active profile set, falling back to 1 default profile: "default"
2024-12-04T20:52:16.402+0100 INFO               [main]                         be.pxl.services.ProductCatalogServiceApplication - Started ProductCatalogServiceApplication in 6.033 seconds (process running for 7.063)
2024-12-04T20:52:22.273+0100 INFO               [main]                         be.pxl.services.LogbookServiceApplication - Starting LogbookServiceApplication using Java 21.0.5 with PID 34676 (C:\Users\sarah\Desktop\Java Examen\learning-microservices-with-spring-cloud-SarahSchurgersPXL\backend-java\ExamenPXL\logbook-service\target\classes started by sarah in C:\Users\sarah\Desktop\Java Examen\learning-microservices-with-spring-cloud-SarahSchurgersPXL\backend-java\ExamenPXL)
2024-12-04T20:52:22.274+0100 DEBUG              [main]                         be.pxl.services.LogbookServiceApplication - Running with Spring Boot v3.3.5, Spring v6.1.14
2024-12-04T20:52:22.277+0100 INFO               [main]                         be.pxl.services.LogbookServiceApplication - No active profile set, falling back to 1 default profile: "default"
2024-12-04T20:52:26.235+0100 INFO               [main]                         be.pxl.services.LogbookServiceApplication - Started LogbookServiceApplication in 5.158 seconds (process running for 6.036)
2024-12-04T20:52:32.524+0100 INFO               [main]                         be.pxl.services.ShoppingCartServiceApplication - Starting ShoppingCartServiceApplication using Java 21.0.5 with PID 36664 (C:\Users\sarah\Desktop\Java Examen\learning-microservices-with-spring-cloud-SarahSchurgersPXL\backend-java\ExamenPXL\shoppingcart-service\target\classes started by sarah in C:\Users\sarah\Desktop\Java Examen\learning-microservices-with-spring-cloud-SarahSchurgersPXL\backend-java\ExamenPXL)
2024-12-04T20:52:32.525+0100 DEBUG              [main]                         be.pxl.services.ShoppingCartServiceApplication - Running with Spring Boot v3.3.5, Spring v6.1.14
2024-12-04T20:52:32.526+0100 INFO               [main]                         be.pxl.services.ShoppingCartServiceApplication - No active profile set, falling back to 1 default profile: "default"
2024-12-04T20:52:36.363+0100 INFO               [main]                         be.pxl.services.ShoppingCartServiceApplication - Started ShoppingCartServiceApplication in 5.535 seconds (process running for 6.675)
2024-12-04T20:54:14.076+0100 INFO               [http-nio-8085-exec-2]         be.pxl.services.services.ShoppingCartService - cart with id 2 found
2024-12-04T20:54:14.077+0100 INFO               [http-nio-8085-exec-2]         be.pxl.services.controller.ShoppingCartController - received request to get cart with id 2
2024-12-04T20:55:31.780+0100 INFO               [main]                         be.pxl.services.LogbookServiceApplication - Starting LogbookServiceApplication using Java 21.0.5 with PID 9392 (C:\Users\sarah\Desktop\Java Examen\learning-microservices-with-spring-cloud-SarahSchurgersPXL\backend-java\ExamenPXL\logbook-service\target\classes started by sarah in C:\Users\sarah\Desktop\Java Examen\learning-microservices-with-spring-cloud-SarahSchurgersPXL\backend-java\ExamenPXL)
2024-12-04T20:55:31.781+0100 DEBUG              [main]                         be.pxl.services.LogbookServiceApplication - Running with Spring Boot v3.3.5, Spring v6.1.14
2024-12-04T20:55:31.783+0100 INFO               [main]                         be.pxl.services.LogbookServiceApplication - No active profile set, falling back to 1 default profile: "default"
2024-12-04T20:55:35.539+0100 INFO               [main]                         be.pxl.services.LogbookServiceApplication - Started LogbookServiceApplication in 4.978 seconds (process running for 5.797)
2024-12-04T20:55:40.370+0100 INFO               [main]                         be.pxl.services.ProductCatalogServiceApplication - Starting ProductCatalogServiceApplication using Java 21.0.5 with PID 33296 (C:\Users\sarah\Desktop\Java Examen\learning-microservices-with-spring-cloud-SarahSchurgersPXL\backend-java\ExamenPXL\productcatalog-service\target\classes started by sarah in C:\Users\sarah\Desktop\Java Examen\learning-microservices-with-spring-cloud-SarahSchurgersPXL\backend-java\ExamenPXL)
2024-12-04T20:55:40.371+0100 DEBUG              [main]                         be.pxl.services.ProductCatalogServiceApplication - Running with Spring Boot v3.3.5, Spring v6.1.14
2024-12-04T20:55:40.371+0100 INFO               [main]                         be.pxl.services.ProductCatalogServiceApplication - No active profile set, falling back to 1 default profile: "default"
2024-12-04T20:55:44.587+0100 INFO               [main]                         be.pxl.services.ProductCatalogServiceApplication - Started ProductCatalogServiceApplication in 5.305 seconds (process running for 6.155)
2024-12-04T20:55:48.656+0100 INFO               [main]                         be.pxl.services.ShoppingCartServiceApplication - Starting ShoppingCartServiceApplication using Java 21.0.5 with PID 9384 (C:\Users\sarah\Desktop\Java Examen\learning-microservices-with-spring-cloud-SarahSchurgersPXL\backend-java\ExamenPXL\shoppingcart-service\target\classes started by sarah in C:\Users\sarah\Desktop\Java Examen\learning-microservices-with-spring-cloud-SarahSchurgersPXL\backend-java\ExamenPXL)
2024-12-04T20:55:48.657+0100 DEBUG              [main]                         be.pxl.services.ShoppingCartServiceApplication - Running with Spring Boot v3.3.5, Spring v6.1.14
2024-12-04T20:55:48.658+0100 INFO               [main]                         be.pxl.services.ShoppingCartServiceApplication - No active profile set, falling back to 1 default profile: "default"
2024-12-04T20:55:52.615+0100 INFO               [main]                         be.pxl.services.ShoppingCartServiceApplication - Started ShoppingCartServiceApplication in 5.091 seconds (process running for 5.987)
2024-12-04T20:57:49.153+0100 INFO               [main]                         be.pxl.services.ShoppingCartServiceApplication - Starting ShoppingCartServiceApplication using Java 21.0.5 with PID 8672 (C:\Users\sarah\Desktop\Java Examen\learning-microservices-with-spring-cloud-SarahSchurgersPXL\backend-java\ExamenPXL\shoppingcart-service\target\classes started by sarah in C:\Users\sarah\Desktop\Java Examen\learning-microservices-with-spring-cloud-SarahSchurgersPXL\backend-java\ExamenPXL)
2024-12-04T20:57:49.154+0100 DEBUG              [main]                         be.pxl.services.ShoppingCartServiceApplication - Running with Spring Boot v3.3.5, Spring v6.1.14
2024-12-04T20:57:49.155+0100 INFO               [main]                         be.pxl.services.ShoppingCartServiceApplication - No active profile set, falling back to 1 default profile: "default"
2024-12-04T20:57:52.921+0100 INFO               [main]                         be.pxl.services.ShoppingCartServiceApplication - Started ShoppingCartServiceApplication in 4.993 seconds (process running for 5.923)
2024-12-04T20:59:11.670+0100 INFO               [main]                         be.pxl.services.ShoppingCartServiceApplication - Starting ShoppingCartServiceApplication using Java 21.0.5 with PID 39864 (C:\Users\sarah\Desktop\Java Examen\learning-microservices-with-spring-cloud-SarahSchurgersPXL\backend-java\ExamenPXL\shoppingcart-service\target\classes started by sarah in C:\Users\sarah\Desktop\Java Examen\learning-microservices-with-spring-cloud-SarahSchurgersPXL\backend-java\ExamenPXL)
2024-12-04T20:59:11.671+0100 DEBUG              [main]                         be.pxl.services.ShoppingCartServiceApplication - Running with Spring Boot v3.3.5, Spring v6.1.14
2024-12-04T20:59:11.671+0100 INFO               [main]                         be.pxl.services.ShoppingCartServiceApplication - No active profile set, falling back to 1 default profile: "default"
2024-12-04T20:59:15.377+0100 INFO               [main]                         be.pxl.services.ShoppingCartServiceApplication - Started ShoppingCartServiceApplication in 4.597 seconds (process running for 5.664)
2024-12-04T21:01:36.351+0100 INFO               [http-nio-8082-exec-7]         be.pxl.services.controller.ProductController - received request to get all products
2024-12-04T21:01:36.351+0100 INFO               [http-nio-8082-exec-7]         be.pxl.services.services.ProductService - retrieved all products
2024-12-04T21:02:16.210+0100 INFO               [http-nio-8082-exec-8]         be.pxl.services.controller.ProductController - received request to update product with id: 1
2024-12-04T21:02:16.360+0100 INFO               [http-nio-8082-exec-8]         be.pxl.services.services.ProductService - updated product: Compost2 with id: 1
2024-12-04T21:02:16.394+0100 INFO               [org.springframework.amqp.rabbit.RabbitListenerEndpointContainer#0-1] be.pxl.services.QueueService  - Log received: Product updated
2024-12-04T21:02:16.528+0100 INFO               [org.springframework.amqp.rabbit.RabbitListenerEndpointContainer#0-1] be.pxl.services.service.LogbookService - Log added: 1
2024-12-04T21:02:16.528+0100 INFO               [org.springframework.amqp.rabbit.RabbitListenerEndpointContainer#0-1] be.pxl.services.QueueService  - Log processed: Product updated
2024-12-04T21:02:22.551+0100 INFO               [http-nio-8082-exec-9]         be.pxl.services.controller.ProductController - received request to get product with id: 1
2024-12-04T21:02:22.556+0100 INFO               [http-nio-8082-exec-9]         be.pxl.services.services.ProductService - retrieved product with id: 1
2024-12-04T21:03:15.497+0100 INFO               [main]                         be.pxl.services.ShoppingCartServiceApplication - Starting ShoppingCartServiceApplication using Java 21.0.5 with PID 23900 (C:\Users\sarah\Desktop\Java Examen\learning-microservices-with-spring-cloud-SarahSchurgersPXL\backend-java\ExamenPXL\shoppingcart-service\target\classes started by sarah in C:\Users\sarah\Desktop\Java Examen\learning-microservices-with-spring-cloud-SarahSchurgersPXL\backend-java\ExamenPXL)
2024-12-04T21:03:15.498+0100 DEBUG              [main]                         be.pxl.services.ShoppingCartServiceApplication - Running with Spring Boot v3.3.5, Spring v6.1.14
2024-12-04T21:03:15.498+0100 INFO               [main]                         be.pxl.services.ShoppingCartServiceApplication - No active profile set, falling back to 1 default profile: "default"
2024-12-04T21:03:19.319+0100 INFO               [main]                         be.pxl.services.ShoppingCartServiceApplication - Started ShoppingCartServiceApplication in 5.003 seconds (process running for 5.811)
2024-12-04T21:04:15.257+0100 INFO               [http-nio-8085-exec-3]         be.pxl.services.services.ShoppingCartService - cart with id 2 found
2024-12-04T21:04:15.257+0100 INFO               [http-nio-8085-exec-3]         be.pxl.services.controller.ShoppingCartController - received request to get cart with id 2
2024-12-04T21:04:21.571+0100 INFO               [http-nio-8082-exec-1]         be.pxl.services.controller.ProductController - received request to get product with id: 1
2024-12-04T21:04:21.590+0100 INFO               [http-nio-8082-exec-1]         be.pxl.services.services.ProductService - retrieved product with id: 1
2024-12-04T21:04:21.606+0100 INFO               [http-nio-8085-exec-8]         be.pxl.services.services.ShoppingCartService - product with id 1 added to cart with id 2
2024-12-04T21:05:19.349+0100 INFO               [http-nio-8082-exec-2]         be.pxl.services.controller.ProductController - received request to get product with id: 1
2024-12-04T21:05:19.378+0100 INFO               [http-nio-8082-exec-2]         be.pxl.services.services.ProductService - retrieved product with id: 1
2024-12-04T21:05:19.387+0100 INFO               [http-nio-8085-exec-2]         be.pxl.services.services.ShoppingCartService - product with id 1 added to cart with id 2
2024-12-04T21:18:24.547+0100 INFO               [main]                         be.pxl.services.ShoppingCartServiceApplication - Starting ShoppingCartServiceApplication using Java 21.0.5 with PID 23968 (C:\Users\sarah\Desktop\Java Examen\learning-microservices-with-spring-cloud-SarahSchurgersPXL\backend-java\ExamenPXL\shoppingcart-service\target\classes started by sarah in C:\Users\sarah\Desktop\Java Examen\learning-microservices-with-spring-cloud-SarahSchurgersPXL\backend-java\ExamenPXL)
2024-12-04T21:18:24.548+0100 DEBUG              [main]                         be.pxl.services.ShoppingCartServiceApplication - Running with Spring Boot v3.3.5, Spring v6.1.14
2024-12-04T21:18:24.551+0100 INFO               [main]                         be.pxl.services.ShoppingCartServiceApplication - No active profile set, falling back to 1 default profile: "default"
2024-12-04T21:18:28.126+0100 INFO               [main]                         be.pxl.services.ShoppingCartServiceApplication - Started ShoppingCartServiceApplication in 4.608 seconds (process running for 5.47)
2024-12-04T21:18:34.623+0100 INFO               [http-nio-8082-exec-4]         be.pxl.services.controller.ProductController - received request to get product with id: 1
2024-12-04T21:18:34.648+0100 INFO               [http-nio-8082-exec-4]         be.pxl.services.services.ProductService - retrieved product with id: 1
2024-12-04T21:18:34.663+0100 INFO               [http-nio-8085-exec-1]         be.pxl.services.services.ShoppingCartService - product with id 1 added to cart with id 2
2024-12-04T21:24:54.301+0100 INFO               [main]                         be.pxl.services.ShoppingCartServiceApplication - Starting ShoppingCartServiceApplication using Java 21.0.5 with PID 8168 (C:\Users\sarah\Desktop\Java Examen\learning-microservices-with-spring-cloud-SarahSchurgersPXL\backend-java\ExamenPXL\shoppingcart-service\target\classes started by sarah in C:\Users\sarah\Desktop\Java Examen\learning-microservices-with-spring-cloud-SarahSchurgersPXL\backend-java\ExamenPXL)
2024-12-04T21:24:54.303+0100 DEBUG              [main]                         be.pxl.services.ShoppingCartServiceApplication - Running with Spring Boot v3.3.5, Spring v6.1.14
2024-12-04T21:24:54.305+0100 INFO               [main]                         be.pxl.services.ShoppingCartServiceApplication - No active profile set, falling back to 1 default profile: "default"
2024-12-04T21:24:58.560+0100 INFO               [main]                         be.pxl.services.ShoppingCartServiceApplication - Started ShoppingCartServiceApplication in 5.584 seconds (process running for 6.747)
2024-12-04T21:25:17.470+0100 INFO               [http-nio-8082-exec-6]         be.pxl.services.controller.ProductController - received request to get product with id: 1
2024-12-04T21:25:17.495+0100 INFO               [http-nio-8082-exec-6]         be.pxl.services.services.ProductService - retrieved product with id: 1
2024-12-04T21:25:17.521+0100 INFO               [http-nio-8085-exec-3]         be.pxl.services.services.ShoppingCartService - product with id 1 added to cart with id 2
2024-12-04T21:31:45.462+0100 INFO               [main]                         be.pxl.services.ShoppingCartServiceApplication - Starting ShoppingCartServiceApplication using Java 21.0.5 with PID 7220 (C:\Users\sarah\Desktop\Java Examen\learning-microservices-with-spring-cloud-SarahSchurgersPXL\backend-java\ExamenPXL\shoppingcart-service\target\classes started by sarah in C:\Users\sarah\Desktop\Java Examen\learning-microservices-with-spring-cloud-SarahSchurgersPXL\backend-java\ExamenPXL)
2024-12-04T21:31:45.462+0100 DEBUG              [main]                         be.pxl.services.ShoppingCartServiceApplication - Running with Spring Boot v3.3.5, Spring v6.1.14
2024-12-04T21:31:45.462+0100 INFO               [main]                         be.pxl.services.ShoppingCartServiceApplication - No active profile set, falling back to 1 default profile: "default"
2024-12-04T21:31:48.865+0100 INFO               [main]                         be.pxl.services.ShoppingCartServiceApplication - Started ShoppingCartServiceApplication in 4.357 seconds (process running for 5.205)
2024-12-04T21:31:57.955+0100 INFO               [http-nio-8085-exec-1]         be.pxl.services.services.ShoppingCartService - product with id 1 added to cart with id 2
2024-12-04T21:34:13.041+0100 INFO               [main]                         be.pxl.services.ShoppingCartServiceApplication - Starting ShoppingCartServiceApplication using Java 21.0.5 with PID 36288 (C:\Users\sarah\Desktop\Java Examen\learning-microservices-with-spring-cloud-SarahSchurgersPXL\backend-java\ExamenPXL\shoppingcart-service\target\classes started by sarah in C:\Users\sarah\Desktop\Java Examen\learning-microservices-with-spring-cloud-SarahSchurgersPXL\backend-java\ExamenPXL)
2024-12-04T21:34:13.041+0100 DEBUG              [main]                         be.pxl.services.ShoppingCartServiceApplication - Running with Spring Boot v3.3.5, Spring v6.1.14
2024-12-04T21:34:13.041+0100 INFO               [main]                         be.pxl.services.ShoppingCartServiceApplication - No active profile set, falling back to 1 default profile: "default"
2024-12-04T21:34:16.822+0100 INFO               [main]                         be.pxl.services.ShoppingCartServiceApplication - Started ShoppingCartServiceApplication in 5.162 seconds (process running for 6.025)
2024-12-04T21:34:23.224+0100 INFO               [http-nio-8085-exec-1]         be.pxl.services.services.ShoppingCartService - product with id 1 added to cart with id 2
2024-12-04T21:34:23.307+0100 INFO               [http-nio-8085-exec-1]         be.pxl.services.controller.ShoppingCartController - received request to add product with id 1 to cart with id 2
2024-12-04T21:38:33.922+0100 INFO               [main]                         be.pxl.services.ShoppingCartServiceApplication - Starting ShoppingCartServiceApplication using Java 21.0.5 with PID 16360 (C:\Users\sarah\Desktop\Java Examen\learning-microservices-with-spring-cloud-SarahSchurgersPXL\backend-java\ExamenPXL\shoppingcart-service\target\classes started by sarah in C:\Users\sarah\Desktop\Java Examen\learning-microservices-with-spring-cloud-SarahSchurgersPXL\backend-java\ExamenPXL)
2024-12-04T21:38:33.923+0100 DEBUG              [main]                         be.pxl.services.ShoppingCartServiceApplication - Running with Spring Boot v3.3.5, Spring v6.1.14
2024-12-04T21:38:33.924+0100 INFO               [main]                         be.pxl.services.ShoppingCartServiceApplication - No active profile set, falling back to 1 default profile: "default"
2024-12-04T21:38:37.877+0100 INFO               [main]                         be.pxl.services.ShoppingCartServiceApplication - Started ShoppingCartServiceApplication in 5.614 seconds (process running for 6.583)
2024-12-04T21:38:50.012+0100 INFO               [http-nio-8085-exec-1]         be.pxl.services.services.ShoppingCartService - new shoppingcart created
2024-12-04T21:38:50.062+0100 INFO               [http-nio-8085-exec-1]         be.pxl.services.controller.ShoppingCartController - received request to create a new cart
2024-12-04T21:38:56.716+0100 INFO               [http-nio-8085-exec-2]         be.pxl.services.services.ShoppingCartService - product with id 1 added to cart with id 3
2024-12-04T21:38:56.756+0100 INFO               [http-nio-8085-exec-2]         be.pxl.services.controller.ShoppingCartController - received request to add product with id 1 to cart with id 3
2024-12-04T21:41:26.273+0100 INFO               [main]                         be.pxl.services.ShoppingCartServiceApplication - Starting ShoppingCartServiceApplication using Java 21.0.5 with PID 22504 (C:\Users\sarah\Desktop\Java Examen\learning-microservices-with-spring-cloud-SarahSchurgersPXL\backend-java\ExamenPXL\shoppingcart-service\target\classes started by sarah in C:\Users\sarah\Desktop\Java Examen\learning-microservices-with-spring-cloud-SarahSchurgersPXL\backend-java\ExamenPXL)
2024-12-04T21:41:26.274+0100 DEBUG              [main]                         be.pxl.services.ShoppingCartServiceApplication - Running with Spring Boot v3.3.5, Spring v6.1.14
2024-12-04T21:41:26.275+0100 INFO               [main]                         be.pxl.services.ShoppingCartServiceApplication - No active profile set, falling back to 1 default profile: "default"
2024-12-04T21:41:30.085+0100 INFO               [main]                         be.pxl.services.ShoppingCartServiceApplication - Started ShoppingCartServiceApplication in 4.911 seconds (process running for 5.838)
2024-12-04T21:41:39.934+0100 INFO               [http-nio-8085-exec-1]         be.pxl.services.services.ShoppingCartService - quantity of product with id 1 increased in cart with id 3
2024-12-04T21:41:39.979+0100 INFO               [http-nio-8085-exec-1]         be.pxl.services.controller.ShoppingCartController - received request to add product with id 1 to cart with id 3
2024-12-04T21:42:33.222+0100 INFO               [http-nio-8085-exec-3]         be.pxl.services.services.ShoppingCartService - cart with id 3 found
2024-12-04T21:42:33.223+0100 INFO               [http-nio-8085-exec-3]         be.pxl.services.controller.ShoppingCartController - received request to get cart with id 3
2024-12-04T21:43:30.516+0100 INFO               [main]                         be.pxl.services.ShoppingCartServiceApplication - Starting ShoppingCartServiceApplication using Java 21.0.5 with PID 41552 (C:\Users\sarah\Desktop\Java Examen\learning-microservices-with-spring-cloud-SarahSchurgersPXL\backend-java\ExamenPXL\shoppingcart-service\target\classes started by sarah in C:\Users\sarah\Desktop\Java Examen\learning-microservices-with-spring-cloud-SarahSchurgersPXL\backend-java\ExamenPXL)
2024-12-04T21:43:30.517+0100 DEBUG              [main]                         be.pxl.services.ShoppingCartServiceApplication - Running with Spring Boot v3.3.5, Spring v6.1.14
2024-12-04T21:43:30.517+0100 INFO               [main]                         be.pxl.services.ShoppingCartServiceApplication - No active profile set, falling back to 1 default profile: "default"
2024-12-04T21:43:34.035+0100 INFO               [main]                         be.pxl.services.ShoppingCartServiceApplication - Started ShoppingCartServiceApplication in 4.921 seconds (process running for 5.623)
2024-12-04T21:47:42.592+0100 INFO               [main]                         be.pxl.services.ShoppingCartServiceApplication - Starting ShoppingCartServiceApplication using Java 21.0.5 with PID 26920 (C:\Users\sarah\Desktop\Java Examen\learning-microservices-with-spring-cloud-SarahSchurgersPXL\backend-java\ExamenPXL\shoppingcart-service\target\classes started by sarah in C:\Users\sarah\Desktop\Java Examen\learning-microservices-with-spring-cloud-SarahSchurgersPXL\backend-java\ExamenPXL)
2024-12-04T21:47:42.593+0100 DEBUG              [main]                         be.pxl.services.ShoppingCartServiceApplication - Running with Spring Boot v3.3.5, Spring v6.1.14
2024-12-04T21:47:42.594+0100 INFO               [main]                         be.pxl.services.ShoppingCartServiceApplication - No active profile set, falling back to 1 default profile: "default"
2024-12-04T21:47:46.037+0100 INFO               [main]                         be.pxl.services.ShoppingCartServiceApplication - Started ShoppingCartServiceApplication in 4.619 seconds (process running for 5.401)
2024-12-04T21:49:34.381+0100 INFO               [http-nio-8085-exec-5]         be.pxl.services.services.ShoppingCartService - cart with id 3 found
2024-12-04T21:49:34.381+0100 INFO               [http-nio-8085-exec-5]         be.pxl.services.controller.ShoppingCartController - received request to get cart with id 3
2024-12-04T21:50:17.529+0100 INFO               [main]                         be.pxl.services.ShoppingCartServiceApplication - Starting ShoppingCartServiceApplication using Java 21.0.5 with PID 29408 (C:\Users\sarah\Desktop\Java Examen\learning-microservices-with-spring-cloud-SarahSchurgersPXL\backend-java\ExamenPXL\shoppingcart-service\target\classes started by sarah in C:\Users\sarah\Desktop\Java Examen\learning-microservices-with-spring-cloud-SarahSchurgersPXL\backend-java\ExamenPXL)
2024-12-04T21:50:17.530+0100 DEBUG              [main]                         be.pxl.services.ShoppingCartServiceApplication - Running with Spring Boot v3.3.5, Spring v6.1.14
2024-12-04T21:50:17.531+0100 INFO               [main]                         be.pxl.services.ShoppingCartServiceApplication - No active profile set, falling back to 1 default profile: "default"
2024-12-04T21:50:21.293+0100 INFO               [main]                         be.pxl.services.ShoppingCartServiceApplication - Started ShoppingCartServiceApplication in 4.75 seconds (process running for 5.671)
2024-12-04T21:52:00.841+0100 INFO               [main]                         be.pxl.services.ShoppingCartServiceApplication - Starting ShoppingCartServiceApplication using Java 21.0.5 with PID 41932 (C:\Users\sarah\Desktop\Java Examen\learning-microservices-with-spring-cloud-SarahSchurgersPXL\backend-java\ExamenPXL\shoppingcart-service\target\classes started by sarah in C:\Users\sarah\Desktop\Java Examen\learning-microservices-with-spring-cloud-SarahSchurgersPXL\backend-java\ExamenPXL)
2024-12-04T21:52:00.842+0100 DEBUG              [main]                         be.pxl.services.ShoppingCartServiceApplication - Running with Spring Boot v3.3.5, Spring v6.1.14
2024-12-04T21:52:00.842+0100 INFO               [main]                         be.pxl.services.ShoppingCartServiceApplication - No active profile set, falling back to 1 default profile: "default"
2024-12-04T21:52:04.534+0100 INFO               [main]                         be.pxl.services.ShoppingCartServiceApplication - Started ShoppingCartServiceApplication in 4.825 seconds (process running for 5.642)
2024-12-04T21:52:12.591+0100 INFO               [http-nio-8085-exec-1]         be.pxl.services.services.ShoppingCartService - product with id 1 removed from cart with id 3
2024-12-04T21:52:12.649+0100 INFO               [http-nio-8085-exec-1]         be.pxl.services.controller.ShoppingCartController - received request to remove product with id 1 from cart with id 3
2024-12-04T21:58:27.162+0100 INFO               [http-nio-8085-exec-3]         be.pxl.services.services.ShoppingCartService - product with id 1 added to cart with id 3
2024-12-04T21:58:27.223+0100 INFO               [http-nio-8085-exec-3]         be.pxl.services.controller.ShoppingCartController - received request to add product with id 1 to cart with id 3
2024-12-04T21:58:37.281+0100 INFO               [http-nio-8085-exec-4]         be.pxl.services.services.ShoppingCartService - cart with id 3 found
2024-12-04T21:58:37.281+0100 INFO               [http-nio-8085-exec-4]         be.pxl.services.controller.ShoppingCartController - received request to get cart with id 3
2024-12-04T21:59:58.453+0100 INFO               [http-nio-8085-exec-6]         be.pxl.services.services.ShoppingCartService - cart with id 3 found
2024-12-04T21:59:58.453+0100 INFO               [http-nio-8085-exec-6]         be.pxl.services.controller.ShoppingCartController - received request to get cart with id 3
2024-12-04T21:59:59.741+0100 INFO               [http-nio-8085-exec-7]         be.pxl.services.services.ShoppingCartService - cart with id 3 found
2024-12-04T21:59:59.741+0100 INFO               [http-nio-8085-exec-7]         be.pxl.services.controller.ShoppingCartController - received request to get cart with id 3
2024-12-04T22:00:00.303+0100 INFO               [http-nio-8085-exec-8]         be.pxl.services.services.ShoppingCartService - cart with id 3 found
2024-12-04T22:00:00.303+0100 INFO               [http-nio-8085-exec-8]         be.pxl.services.controller.ShoppingCartController - received request to get cart with id 3
2024-12-04T22:00:00.703+0100 INFO               [http-nio-8085-exec-9]         be.pxl.services.services.ShoppingCartService - cart with id 3 found
2024-12-04T22:00:00.703+0100 INFO               [http-nio-8085-exec-9]         be.pxl.services.controller.ShoppingCartController - received request to get cart with id 3
2024-12-04T22:03:49.114+0100 INFO               [main]                         be.pxl.services.ShoppingCartServiceApplication - Starting ShoppingCartServiceApplication using Java 21.0.5 with PID 25276 (C:\Users\sarah\Desktop\Java Examen\learning-microservices-with-spring-cloud-SarahSchurgersPXL\backend-java\ExamenPXL\shoppingcart-service\target\classes started by sarah in C:\Users\sarah\Desktop\Java Examen\learning-microservices-with-spring-cloud-SarahSchurgersPXL\backend-java\ExamenPXL)
2024-12-04T22:03:49.114+0100 DEBUG              [main]                         be.pxl.services.ShoppingCartServiceApplication - Running with Spring Boot v3.3.5, Spring v6.1.14
2024-12-04T22:03:49.130+0100 INFO               [main]                         be.pxl.services.ShoppingCartServiceApplication - No active profile set, falling back to 1 default profile: "default"
2024-12-04T22:03:53.188+0100 INFO               [main]                         be.pxl.services.ShoppingCartServiceApplication - Started ShoppingCartServiceApplication in 5.122 seconds (process running for 6.769)
2024-12-04T22:05:26.645+0100 INFO               [http-nio-8085-exec-1]         be.pxl.services.services.ShoppingCartService - cart with id 3 found
2024-12-04T22:05:27.513+0100 INFO               [http-nio-8082-exec-8]         be.pxl.services.controller.ProductController - received request to get product with id: 1
2024-12-04T22:05:27.540+0100 INFO               [http-nio-8082-exec-8]         be.pxl.services.services.ProductService - retrieved product with id: 1
2024-12-04T22:05:27.630+0100 INFO               [http-nio-8085-exec-1]         be.pxl.services.controller.ShoppingCartController - received request to get cart with id 3
2024-12-04T22:06:18.464+0100 INFO               [http-nio-8085-exec-2]         be.pxl.services.services.ShoppingCartService - cart with id 3 found
2024-12-04T22:07:08.513+0100 INFO               [http-nio-8082-exec-10]        be.pxl.services.controller.ProductController - received request to get product with id: 1
2024-12-04T22:07:08.538+0100 INFO               [http-nio-8082-exec-10]        be.pxl.services.services.ProductService - retrieved product with id: 1
2024-12-04T22:07:45.497+0100 INFO               [http-nio-8085-exec-2]         be.pxl.services.controller.ShoppingCartController - received request to get cart with id 3
2024-12-04T22:07:51.702+0100 INFO               [main]                         be.pxl.services.ShoppingCartServiceApplication - Starting ShoppingCartServiceApplication using Java 21.0.5 with PID 39284 (C:\Users\sarah\Desktop\Java Examen\learning-microservices-with-spring-cloud-SarahSchurgersPXL\backend-java\ExamenPXL\shoppingcart-service\target\classes started by sarah in C:\Users\sarah\Desktop\Java Examen\learning-microservices-with-spring-cloud-SarahSchurgersPXL\backend-java\ExamenPXL)
2024-12-04T22:07:51.704+0100 DEBUG              [main]                         be.pxl.services.ShoppingCartServiceApplication - Running with Spring Boot v3.3.5, Spring v6.1.14
2024-12-04T22:07:51.705+0100 INFO               [main]                         be.pxl.services.ShoppingCartServiceApplication - No active profile set, falling back to 1 default profile: "default"
2024-12-04T22:07:55.327+0100 INFO               [main]                         be.pxl.services.ShoppingCartServiceApplication - Started ShoppingCartServiceApplication in 4.61 seconds (process running for 5.412)
2024-12-04T22:08:03.236+0100 INFO               [http-nio-8085-exec-1]         be.pxl.services.services.ShoppingCartService - cart with id 3 found
2024-12-04T22:08:03.332+0100 INFO               [http-nio-8082-exec-2]         be.pxl.services.controller.ProductController - received request to get product with id: 1
2024-12-04T22:08:03.353+0100 INFO               [http-nio-8082-exec-2]         be.pxl.services.services.ProductService - retrieved product with id: 1
2024-12-04T22:08:03.369+0100 INFO               [http-nio-8085-exec-1]         be.pxl.services.controller.ShoppingCartController - received request to get cart with id 3
2024-12-04T22:08:26.300+0100 INFO               [http-nio-8085-exec-2]         be.pxl.services.services.ShoppingCartService - quantity of product with id 1 increased in cart with id 2
2024-12-04T22:08:26.336+0100 INFO               [http-nio-8085-exec-2]         be.pxl.services.controller.ShoppingCartController - received request to add product with id 1 to cart with id 2
2024-12-04T22:08:35.535+0100 INFO               [http-nio-8085-exec-6]         be.pxl.services.services.ShoppingCartService - cart with id 2 found
2024-12-04T22:08:35.538+0100 INFO               [http-nio-8082-exec-3]         be.pxl.services.controller.ProductController - received request to get product with id: 1
2024-12-04T22:08:35.543+0100 INFO               [http-nio-8082-exec-3]         be.pxl.services.services.ProductService - retrieved product with id: 1
2024-12-04T22:08:35.545+0100 INFO               [http-nio-8085-exec-6]         be.pxl.services.controller.ShoppingCartController - received request to get cart with id 2
